#
# A fatal error has been detected by the Java Runtime Environment:
#
#  Internal Error (0x20474343), pid=5344, tid=0x0000000000000db4
#
# JRE version: Java(TM) SE Runtime Environment (8.0_131-b11) (build 1.8.0_131-b11)
# Java VM: Java HotSpot(TM) 64-Bit Server VM (25.131-b11 mixed mode windows-amd64 compressed oops)
# Problematic frame:
# C  [KERNELBASE.dll+0x1a06d]
#
# Failed to write core dump. Minidumps are not enabled by default on client versions of Windows
#
# If you would like to submit a bug report, please visit:
#   http://bugreport.java.com/bugreport/crash.jsp
# The crash happened outside the Java Virtual Machine in native code.
# See problematic frame for where to report the bug.
#

---------------  T H R E A D  ---------------

Current thread (0x000000005a020000):  JavaThread "Task worker" [_thread_in_native, id=3508, stack(0x000000005c380000,0x000000005c480000)]

siginfo: ExceptionCode=0x20474343, ExceptionInformation=0x000000006790bf80 

Registers:
RAX=0x000000002b807c0f, RBX=0x000000006790bf80, RCX=0x000000005c47abf0, RDX=0x00000000000000c0
RSP=0x000000005c47b200, RBP=0x000000000054ac20, RSI=0x000000006d288da0, RDI=0x000000006790bfc0
R8 =0x0000000000000000, R9 =0x0000000000000000, R10=0x0000000000000000, R11=0x000000005c47b240
R12=0x0000000000000000, R13=0x000000006790bd28, R14=0x0000000000000000, R15=0x0000000000000001
RIP=0x000007fefd97a06d, EFLAGS=0x0000000000000206

Top of Stack: (sp=0x000000005c47b200)
0x000000005c47b200:   000000006790bf80 000000006d288da0
0x000000005c47b210:   000000006790bfc0 00000000002df380
0x000000005c47b220:   0000000020474343 0000000000000000
0x000000005c47b230:   000007fefd97a06d 0000000000000001
0x000000005c47b240:   000000006790bf80 000000006d225c70
0x000000005c47b250:   00000000002df3e8 000000006d17f898
0x000000005c47b260:   00000000002df380 0000000000000000
0x000000005c47b270:   000000006790bd28 0000000000000000
0x000000005c47b280:   0000000000000010 000000006774d270
0x000000005c47b290:   000000006d288da0 000000006d225c70
0x000000005c47b2a0:   000000000054ac20 0000000000000000
0x000000005c47b2b0:   000000006790bd28 0000000000000000
0x000000005c47b2c0:   0000000000000001 000000006d18b5fd
0x000000005c47b2d0:   0000000000000000 000000006d288da0
0x000000005c47b2e0:   000000000111e1b0 0000000000000000
0x000000005c47b2f0:   000000006d225c70 000000006d236e42 

Instructions: (pc=0x000007fefd97a06d)
0x000007fefd97a04d:   54 24 24 48 89 4c 24 28 4d 85 c9 0f 85 6a 03 00
0x000007fefd97a05d:   00 89 4c 24 38 48 8d 4c 24 20 ff 15 33 02 03 00
0x000007fefd97a06d:   48 81 c4 c8 00 00 00 c3 90 90 90 90 90 90 90 90
0x000007fefd97a07d:   90 90 90 48 83 ec 28 65 48 8b 04 25 30 00 00 00 


Register to memory mapping:

RAX=0x000000002b807c0f is an unknown value
RBX=0x000000006790bf80 is an unknown value
RCX=0x000000005c47abf0 is pointing into the stack for thread: 0x000000005a020000
RDX=0x00000000000000c0 is an unknown value
RSP=0x000000005c47b200 is pointing into the stack for thread: 0x000000005a020000
RBP=0x000000000054ac20 is an unknown value
RSI=0x000000006d288da0 is an unknown value
RDI=0x000000006790bfc0 is an unknown value
R8 =0x0000000000000000 is an unknown value
R9 =0x0000000000000000 is an unknown value
R10=0x0000000000000000 is an unknown value
R11=0x000000005c47b240 is pointing into the stack for thread: 0x000000005a020000
R12=0x0000000000000000 is an unknown value
R13=0x000000006790bd28 is an unknown value
R14=0x0000000000000000 is an unknown value
R15=0x0000000000000001 is an unknown value


Stack: [0x000000005c380000,0x000000005c480000],  sp=0x000000005c47b200,  free space=1004k
Native frames: (J=compiled Java code, j=interpreted, Vv=VM code, C=native code)
C  [KERNELBASE.dll+0x1a06d]
C  [libaapt2_jni.dll+0x14b5fd]
C  [libaapt2_jni.dll+0x1f6e42]
C  [libaapt2_jni.dll+0x1f633b]
C  [libaapt2_jni.dll+0x1f62a9]
C  [libaapt2_jni.dll+0x3b9f9]
C  [libaapt2_jni.dll+0x28582]
C  [libaapt2_jni.dll+0x28861]
C  [libaapt2_jni.dll+0x2a0d4]
C  [libaapt2_jni.dll+0x2a85e]
C  [libaapt2_jni.dll+0x8a514]
C  [libaapt2_jni.dll+0x15de41]
C  [libaapt2_jni.dll+0x15ec38]
C  [libaapt2_jni.dll+0x1b7b3]
C  [libaapt2_jni.dll+0x275ca]
C  0x00000000028f7f54

Java frames: (J=compiled Java code, j=interpreted, Vv=VM code)
j  com.android.tools.aapt2.Aapt2Jni.nativeLink(Ljava/util/List;Lcom/android/tools/aapt2/Aapt2JniLogCallback;)I+0
j  com.android.tools.aapt2.Aapt2Jni.link(Ljava/util/List;)Lcom/android/tools/aapt2/Aapt2Result;+6
j  com.android.builder.internal.aapt.v2.AaptV2Jni.makeValidatedPackage(Lcom/android/builder/internal/aapt/AaptPackageConfig;)Lcom/google/common/util/concurrent/ListenableFuture;+37
j  com.android.builder.internal.aapt.AbstractAapt.link(Lcom/android/builder/internal/aapt/AaptPackageConfig;)Lcom/google/common/util/concurrent/ListenableFuture;+7
j  com.android.builder.core.AndroidBuilder.processResources(Lcom/android/builder/internal/aapt/Aapt;Lcom/android/builder/internal/aapt/AaptPackageConfig$Builder;Z)V+59
j  com.android.build.gradle.internal.transforms.InstantRunSplitApkBuilder.generateSplitApkManifest(Ljava/lang/String;)Ljava/io/File;+359
j  com.android.build.gradle.internal.transforms.InstantRunSplitApkBuilder.generateSplitApk(Lcom/android/build/gradle/internal/transforms/InstantRunSplitApkBuilder$DexFiles;)Ljava/io/File;+42
j  com.android.build.gradle.internal.transforms.InstantRunSliceSplitApkBuilder.lambda$transform$1(Lcom/android/build/gradle/internal/transforms/InstantRunSplitApkBuilder$DexFiles;)V+9
j  com.android.build.gradle.internal.transforms.InstantRunSliceSplitApkBuilder$$Lambda$472.accept(Ljava/lang/Object;)V+8
j  java.util.ArrayList.forEach(Ljava/util/function/Consumer;)V+47
j  com.android.build.gradle.internal.transforms.InstantRunSliceSplitApkBuilder.transform(Lcom/android/build/api/transform/TransformInvocation;)V+719
j  com.android.build.gradle.internal.pipeline.TransformTask$2.call()Ljava/lang/Void;+103
j  com.android.build.gradle.internal.pipeline.TransformTask$2.call()Ljava/lang/Object;+1
j  com.android.builder.profile.ThreadRecorder.record(Lcom/google/wireless/android/sdk/stats/GradleBuildProfileSpan$ExecutionType;Lcom/google/wireless/android/sdk/stats/GradleTransformExecution;Ljava/lang/String;Ljava/lang/String;Lcom/android/builder/profile/Recorder$Block;)Ljava/lang/Object;+17
j  com.android.build.gradle.internal.pipeline.TransformTask.transform(Lorg/gradle/api/tasks/incremental/IncrementalTaskInputs;)V+192
v  ~StubRoutines::call_stub
J 1506  sun.reflect.NativeMethodAccessorImpl.invoke0(Ljava/lang/reflect/Method;Ljava/lang/Object;[Ljava/lang/Object;)Ljava/lang/Object; (0 bytes) @ 0x0000000002dfb13f [0x0000000002dfb0c0+0x7f]
J 13120 C2 sun.reflect.NativeMethodAccessorImpl.invoke(Ljava/lang/Object;[Ljava/lang/Object;)Ljava/lang/Object; (104 bytes) @ 0x00000000032800c0 [0x0000000003280060+0x60]
J 7559 C2 java.lang.reflect.Method.invoke(Ljava/lang/Object;[Ljava/lang/Object;)Ljava/lang/Object; (62 bytes) @ 0x0000000003fa42f4 [0x0000000003fa4280+0x74]
J 5312 C1 org.gradle.internal.reflect.JavaMethod.invoke(Ljava/lang/Object;[Ljava/lang/Object;)Ljava/lang/Object; (74 bytes) @ 0x00000000038ce2f4 [0x00000000038ce1e0+0x114]
j  org.gradle.api.internal.project.taskfactory.DefaultTaskClassInfoStore$IncrementalTaskAction.doExecute(Lorg/gradle/api/Task;Ljava/lang/String;)V+35
j  org.gradle.api.internal.project.taskfactory.DefaultTaskClassInfoStore$StandardTaskAction.execute(Lorg/gradle/api/Task;)V+32
j  org.gradle.api.internal.project.taskfactory.DefaultTaskClassInfoStore$StandardTaskAction.execute(Ljava/lang/Object;)V+5
j  org.gradle.api.internal.tasks.execution.ExecuteActionsTaskExecuter$1.run(Lorg/gradle/internal/operations/BuildOperationContext;)V+23
J 9118 C1 org.gradle.internal.progress.DefaultBuildOperationExecutor$RunnableBuildOperationWorker.execute(Lorg/gradle/internal/operations/BuildOperation;Lorg/gradle/internal/operations/BuildOperationContext;)V (10 bytes) @ 0x0000000004236d94 [0x0000000004236b40+0x254]
J 9126 C1 org.gradle.internal.progress.DefaultBuildOperationExecutor.execute(Lorg/gradle/internal/operations/BuildOperation;Lorg/gradle/internal/operations/BuildOperationWorker;Lorg/gradle/internal/progress/DefaultBuildOperationExecutor$DefaultBuildOperationState;)V (416 bytes) @ 0x000000000424b67c [0x0000000004248f80+0x26fc]
J 12424 C1 org.gradle.internal.progress.DefaultBuildOperationExecutor.run(Lorg/gradle/internal/operations/RunnableBuildOperation;)V (38 bytes) @ 0x0000000004bec8e4 [0x0000000004bec5c0+0x324]
j  org.gradle.api.internal.tasks.execution.ExecuteActionsTaskExecuter.executeAction(Ljava/lang/String;Lorg/gradle/api/internal/TaskInternal;Lorg/gradle/api/internal/tasks/ContextAwareTaskAction;Lorg/gradle/api/internal/tasks/TaskExecutionContext;)V+23
j  org.gradle.api.internal.tasks.execution.ExecuteActionsTaskExecuter.executeActions(Lorg/gradle/api/internal/TaskInternal;Lorg/gradle/api/internal/tasks/TaskStateInternal;Lorg/gradle/api/internal/tasks/TaskExecutionContext;)Lorg/gradle/api/GradleException;+131
j  org.gradle.api.internal.tasks.execution.ExecuteActionsTaskExecuter.execute(Lorg/gradle/api/internal/TaskInternal;Lorg/gradle/api/internal/tasks/TaskStateInternal;Lorg/gradle/api/internal/tasks/TaskExecutionContext;)V+42
j  org.gradle.api.internal.tasks.execution.SkipUpToDateTaskExecuter.execute(Lorg/gradle/api/internal/TaskInternal;Lorg/gradle/api/internal/tasks/TaskStateInternal;Lorg/gradle/api/internal/tasks/TaskExecutionContext;)V+131
j  org.gradle.api.internal.tasks.execution.ResolveTaskOutputCachingStateExecuter.execute(Lorg/gradle/api/internal/TaskInternal;Lorg/gradle/api/internal/tasks/TaskStateInternal;Lorg/gradle/api/internal/tasks/TaskExecutionContext;)V+96
j  org.gradle.api.internal.tasks.execution.ValidatingTaskExecuter.execute(Lorg/gradle/api/internal/TaskInternal;Lorg/gradle/api/internal/tasks/TaskStateInternal;Lorg/gradle/api/internal/tasks/TaskExecutionContext;)V+215
j  org.gradle.api.internal.tasks.execution.SkipEmptySourceFilesTaskExecuter.execute(Lorg/gradle/api/internal/TaskInternal;Lorg/gradle/api/internal/tasks/TaskStateInternal;Lorg/gradle/api/internal/tasks/TaskExecutionContext;)V+335
j  org.gradle.api.internal.tasks.execution.ResolveTaskArtifactStateTaskExecuter.execute(Lorg/gradle/api/internal/TaskInternal;Lorg/gradle/api/internal/tasks/TaskStateInternal;Lorg/gradle/api/internal/tasks/TaskExecutionContext;)V+72
j  org.gradle.api.internal.tasks.execution.SkipTaskWithNoActionsExecuter.execute(Lorg/gradle/api/internal/TaskInternal;Lorg/gradle/api/internal/tasks/TaskStateInternal;Lorg/gradle/api/internal/tasks/TaskExecutionContext;)V+124
j  org.gradle.api.internal.tasks.execution.SkipOnlyIfTaskExecuter.execute(Lorg/gradle/api/internal/TaskInternal;Lorg/gradle/api/internal/tasks/TaskStateInternal;Lorg/gradle/api/internal/tasks/TaskExecutionContext;)V+85
j  org.gradle.api.internal.tasks.execution.ExecuteAtMostOnceTaskExecuter.execute(Lorg/gradle/api/internal/TaskInternal;Lorg/gradle/api/internal/tasks/TaskStateInternal;Lorg/gradle/api/internal/tasks/TaskExecutionContext;)V+26
j  org.gradle.api.internal.tasks.execution.CatchExceptionTaskExecuter.execute(Lorg/gradle/api/internal/TaskInternal;Lorg/gradle/api/internal/tasks/TaskStateInternal;Lorg/gradle/api/internal/tasks/TaskExecutionContext;)V+7
j  org.gradle.execution.taskgraph.DefaultTaskGraphExecuter$EventFiringTaskWorker$1.run(Lorg/gradle/internal/operations/BuildOperationContext;)V+56
J 9118 C1 org.gradle.internal.progress.DefaultBuildOperationExecutor$RunnableBuildOperationWorker.execute(Lorg/gradle/internal/operations/BuildOperation;Lorg/gradle/internal/operations/BuildOperationContext;)V (10 bytes) @ 0x0000000004236d94 [0x0000000004236b40+0x254]
J 9126 C1 org.gradle.internal.progress.DefaultBuildOperationExecutor.execute(Lorg/gradle/internal/operations/BuildOperation;Lorg/gradle/internal/operations/BuildOperationWorker;Lorg/gradle/internal/progress/DefaultBuildOperationExecutor$DefaultBuildOperationState;)V (416 bytes) @ 0x000000000424b67c [0x0000000004248f80+0x26fc]
J 12424 C1 org.gradle.internal.progress.DefaultBuildOperationExecutor.run(Lorg/gradle/internal/operations/RunnableBuildOperation;)V (38 bytes) @ 0x0000000004bec8e4 [0x0000000004bec5c0+0x324]
j  org.gradle.execution.taskgraph.DefaultTaskGraphExecuter$EventFiringTaskWorker.execute(Lorg/gradle/api/internal/TaskInternal;)V+16
j  org.gradle.execution.taskgraph.DefaultTaskGraphExecuter$EventFiringTaskWorker.execute(Ljava/lang/Object;)V+5
j  org.gradle.execution.taskgraph.DefaultTaskPlanExecutor$TaskExecutorWorker.processTask(Lorg/gradle/execution/taskgraph/TaskInfo;)V+8
j  org.gradle.execution.taskgraph.DefaultTaskPlanExecutor$TaskExecutorWorker.access$200(Lorg/gradle/execution/taskgraph/DefaultTaskPlanExecutor$TaskExecutorWorker;Lorg/gradle/execution/taskgraph/TaskInfo;)V+2
j  org.gradle.execution.taskgraph.DefaultTaskPlanExecutor$TaskExecutorWorker$1.execute(Lorg/gradle/execution/taskgraph/TaskInfo;)V+38
j  org.gradle.execution.taskgraph.DefaultTaskPlanExecutor$TaskExecutorWorker$1.execute(Ljava/lang/Object;)V+5
j  org.gradle.execution.taskgraph.DefaultTaskExecutionPlan.execute(Lorg/gradle/execution/taskgraph/TaskInfo;Lorg/gradle/internal/work/WorkerLeaseRegistry$WorkerLease;Lorg/gradle/api/Action;)V+14
j  org.gradle.execution.taskgraph.DefaultTaskExecutionPlan.executeWithTask(Lorg/gradle/internal/work/WorkerLeaseRegistry$WorkerLease;Lorg/gradle/api/Action;)Z+53
j  org.gradle.execution.taskgraph.DefaultTaskPlanExecutor$TaskExecutorWorker.run()V+52
J 10838 C1 org.gradle.internal.concurrent.StoppableExecutorImpl$1.run()V (57 bytes) @ 0x00000000047492cc [0x0000000004748dc0+0x50c]
j  java.util.concurrent.ThreadPoolExecutor.runWorker(Ljava/util/concurrent/ThreadPoolExecutor$Worker;)V+95
j  java.util.concurrent.ThreadPoolExecutor$Worker.run()V+5
j  org.gradle.internal.concurrent.ThreadFactoryImpl$ManagedThreadRunnable.run()V+7
j  java.lang.Thread.run()V+11
v  ~StubRoutines::call_stub

---------------  P R O C E S S  ---------------

Java Threads: ( => current thread )
  0x0000000059d0f800 JavaThread "Cache worker for Java compile cache (C:\Users\IAV-Versuchsrechner\Desktop\Workspace\CustomLauncher\.gradle\4.0-rc-1\javaCompile)" [_thread_blocked, id=7828, stack(0x000000005ba70000,0x000000005bb70000)]
  0x000000005a023000 JavaThread "Task worker Thread 7" [_thread_blocked, id=4124, stack(0x0000000067b50000,0x0000000067c50000)]
  0x000000005a022800 JavaThread "Task worker Thread 6" [_thread_blocked, id=6516, stack(0x0000000063e10000,0x0000000063f10000)]
  0x000000005a021800 JavaThread "Task worker Thread 5" [_thread_blocked, id=6708, stack(0x0000000067030000,0x0000000067130000)]
  0x000000005a01e000 JavaThread "Task worker Thread 4" [_thread_blocked, id=1252, stack(0x0000000066e90000,0x0000000066f90000)]
  0x000000005a01f800 JavaThread "Task worker Thread 3" [_thread_blocked, id=2936, stack(0x0000000066c90000,0x0000000066d90000)]
  0x000000005a01e800 JavaThread "Task worker Thread 2" [_thread_blocked, id=5416, stack(0x0000000066180000,0x0000000066280000)]
=>0x000000005a020000 JavaThread "Task worker" [_thread_in_native, id=3508, stack(0x000000005c380000,0x000000005c480000)]
  0x000000005a01d000 JavaThread "Cache worker for task history cache (C:\Users\IAV-Versuchsrechner\Desktop\Workspace\CustomLauncher\.gradle\4.0-rc-1\taskHistory)" [_thread_blocked, id=4000, stack(0x0000000066b40000,0x0000000066c40000)]
  0x000000005aa2d800 JavaThread "Cache worker for file content cache (C:\Users\IAV-Versuchsrechner\Desktop\Workspace\CustomLauncher\.gradle\4.0-rc-1\fileContent)" [_thread_blocked, id=6692, stack(0x000000005c160000,0x000000005c260000)]
  0x000000005aa2a800 JavaThread "build operations Thread 8" [_thread_blocked, id=1804, stack(0x00000000632d0000,0x00000000633d0000)]
  0x000000005aa27800 JavaThread "build operations Thread 7" [_thread_blocked, id=3880, stack(0x0000000064170000,0x0000000064270000)]
  0x000000005aa2b800 JavaThread "build operations Thread 6" [_thread_blocked, id=5384, stack(0x0000000063190000,0x0000000063290000)]
  0x000000005aa29000 JavaThread "build operations Thread 5" [_thread_blocked, id=6124, stack(0x0000000061a00000,0x0000000061b00000)]
  0x000000005aa2c000 JavaThread "build operations Thread 4" [_thread_blocked, id=2620, stack(0x0000000063050000,0x0000000063150000)]
  0x000000005aa27000 JavaThread "build operations Thread 3" [_thread_blocked, id=7112, stack(0x0000000060120000,0x0000000060220000)]
  0x000000005aa28800 JavaThread "build operations Thread 2" [_thread_blocked, id=6412, stack(0x0000000062f40000,0x0000000063040000)]
  0x000000005aa22800 JavaThread "build operations" [_thread_blocked, id=5692, stack(0x000000005b770000,0x000000005b870000)]
  0x000000005aa21000 JavaThread "Cache worker for Artifact transforms cache (C:\Users\IAV-Versuchsrechner\.gradle\caches\transforms-1)" [_thread_blocked, id=5960, stack(0x000000005fac0000,0x000000005fbc0000)]
  0x0000000059d10000 JavaThread "Cache worker for file hash cache (C:\Users\IAV-Versuchsrechner\Desktop\Workspace\CustomLauncher\.gradle\4.0-rc-1\fileHashes)" [_thread_blocked, id=4244, stack(0x000000005e990000,0x000000005ea90000)]
  0x0000000059d0e800 JavaThread "Asynchronous log dispatcher for DefaultDaemonConnection: socket connection from /127.0.0.1:49906 to /127.0.0.1:50039" [_thread_blocked, id=1208, stack(0x000000005bcf0000,0x000000005bdf0000)]
  0x0000000059d0d000 JavaThread "Daemon worker Thread 2" [_thread_blocked, id=6976, stack(0x000000005c060000,0x000000005c160000)]
  0x0000000059d0b000 JavaThread "Cancel handler" [_thread_blocked, id=3660, stack(0x000000005bdf0000,0x000000005bef0000)]
  0x0000000059d09000 JavaThread "Handler for socket connection from /127.0.0.1:49906 to /127.0.0.1:50039" [_thread_in_native, id=916, stack(0x000000005bbb0000,0x000000005bcb0000)]
  0x0000000059d0b800 JavaThread "Daemon Thread 2" [_thread_blocked, id=5672, stack(0x000000005b430000,0x000000005b530000)]
  0x000000005aa23000 JavaThread "Memory manager" [_thread_blocked, id=3556, stack(0x0000000063af0000,0x0000000063bf0000)]
  0x000000005aa20000 JavaThread "File lock request listener" [_thread_in_native, id=4460, stack(0x000000005c490000,0x000000005c590000)]
  0x000000005aa1f800 JavaThread "Cache worker for file hash cache (C:\Users\IAV-Versuchsrechner\.gradle\caches\4.0-rc-1\fileHashes)" [_thread_blocked, id=7128, stack(0x000000005c260000,0x000000005c360000)]
  0x000000005a82e800 JavaThread "Daemon periodic checks" [_thread_blocked, id=6624, stack(0x000000005b570000,0x000000005b670000)]
  0x000000005a907000 JavaThread "Incoming local TCP Connector on port 49906" [_thread_in_native, id=4072, stack(0x000000005b320000,0x000000005b420000)]
  0x000000005a7bc000 JavaThread "Daemon health stats" [_thread_blocked, id=1128, stack(0x00000000592c0000,0x00000000593c0000)]
  0x00000000566ef800 JavaThread "Service Thread" daemon [_thread_blocked, id=2976, stack(0x0000000059510000,0x0000000059610000)]
  0x00000000566ee800 JavaThread "C1 CompilerThread3" daemon [_thread_blocked, id=3520, stack(0x00000000593d0000,0x00000000594d0000)]
  0x00000000566ee000 JavaThread "C2 CompilerThread2" daemon [_thread_blocked, id=3376, stack(0x00000000591a0000,0x00000000592a0000)]
  0x00000000566ea000 JavaThread "C2 CompilerThread1" daemon [_thread_blocked, id=5740, stack(0x0000000058fb0000,0x00000000590b0000)]
  0x00000000578a4000 JavaThread "C2 CompilerThread0" daemon [_thread_blocked, id=6724, stack(0x0000000058d70000,0x0000000058e70000)]
  0x00000000578a3800 JavaThread "Attach Listener" daemon [_thread_blocked, id=3832, stack(0x0000000058b30000,0x0000000058c30000)]
  0x00000000578af800 JavaThread "Signal Dispatcher" daemon [_thread_blocked, id=2960, stack(0x00000000588f0000,0x00000000589f0000)]
  0x00000000566e3000 JavaThread "Finalizer" daemon [_thread_blocked, id=1500, stack(0x0000000058c30000,0x0000000058d30000)]
  0x00000000566db800 JavaThread "Reference Handler" daemon [_thread_blocked, id=6648, stack(0x0000000058a10000,0x0000000058b10000)]
  0x00000000002bf800 JavaThread "main" [_thread_blocked, id=6184, stack(0x0000000002510000,0x0000000002610000)]

Other Threads:
  0x0000000057852000 VMThread [stack: 0x00000000587f0000,0x00000000588f0000] [id=996]
  0x0000000057916800 WatcherThread [stack: 0x00000000596a0000,0x00000000597a0000] [id=3472]

VM state:not at safepoint (normal execution)

VM Mutex/Monitor currently owned by a thread: None

Heap:
 PSYoungGen      total 489984K, used 340047K [0x00000000e0000000, 0x00000000ffe00000, 0x0000000100000000)
  eden space 457728K, 73% used [0x00000000e0000000,0x00000000f4837930,0x00000000fbf00000)
  from space 32256K, 12% used [0x00000000fde80000,0x00000000fe25c638,0x00000000ffe00000)
  to   space 32256K, 0% used [0x00000000fbf00000,0x00000000fbf00000,0x00000000fde80000)
 ParOldGen       total 156672K, used 100728K [0x00000000a0000000, 0x00000000a9900000, 0x00000000e0000000)
  object space 156672K, 64% used [0x00000000a0000000,0x00000000a625e0d8,0x00000000a9900000)
 Metaspace       used 84262K, capacity 88412K, committed 88704K, reserved 1126400K
  class space    used 10902K, capacity 11863K, committed 11904K, reserved 1048576K

Card table byte_map: [0x0000000011ca0000,0x0000000011fb0000] byte_map_base: 0x00000000117a0000

Marking Bits: (ParMarkBitMap*) 0x000000006921c720
 Begin Bits: [0x00000000129f0000, 0x00000000141f0000)
 End Bits:   [0x00000000141f0000, 0x00000000159f0000)

Polling page: 0x0000000000230000

CodeCache: size=245760Kb used=51774Kb max_used=54041Kb free=193985Kb
 bounds [0x00000000028e0000, 0x0000000005e10000, 0x00000000118e0000]
 total_blobs=16135 nmethods=15278 adapters=768
 compilation: enabled

Compilation events (10 events):
Event: 703.555 Thread 0x00000000566ee800 19546       3       java.security.MessageDigest$Delegate::engineUpdate (9 bytes)
Event: 703.555 Thread 0x00000000566ee800 nmethod 19546 0x0000000004296710 code [0x0000000004296880, 0x0000000004296aa8]
Event: 703.556 Thread 0x00000000566ee800 19547       3       java.security.DigestInputStream::read (31 bytes)
Event: 703.557 Thread 0x00000000566ee800 nmethod 19547 0x0000000002ce8310 code [0x0000000002ce84a0, 0x0000000002ce88f8]
Event: 703.571 Thread 0x00000000566ea000 19548       4       com.android.apkzlib.zip.utils.LittleEndianUtils::writeUnsigned2Le (85 bytes)
Event: 703.574 Thread 0x00000000566ea000 nmethod 19548 0x0000000005740190 code [0x00000000057402e0, 0x00000000057404b8]
Event: 703.718 Thread 0x00000000566ee000 19549       4       java.nio.ByteBuffer::put (9 bytes)
Event: 703.719 Thread 0x00000000566ee800 19550       1       java.security.Provider$Service::getClassName (5 bytes)
Event: 703.720 Thread 0x00000000566ee800 nmethod 19550 0x0000000004c0eb90 code [0x0000000004c0ece0, 0x0000000004c0edf0]
Event: 703.720 Thread 0x00000000566ee000 nmethod 19549 0x0000000003211110 code [0x0000000003211260, 0x0000000003211418]

GC Heap History (10 events):
Event: 526.289 GC heap before
{Heap before GC invocations=20 (full 4):
 PSYoungGen      total 484352K, used 455321K [0x00000000e0000000, 0x0000000100000000, 0x0000000100000000)
  eden space 446976K, 100% used [0x00000000e0000000,0x00000000fb480000,0x00000000fb480000)
  from space 37376K, 22% used [0x00000000fb480000,0x00000000fbca6770,0x00000000fd900000)
  to   space 36352K, 0% used [0x00000000fdc80000,0x00000000fdc80000,0x0000000100000000)
 ParOldGen       total 156672K, used 80110K [0x00000000a0000000, 0x00000000a9900000, 0x00000000e0000000)
  object space 156672K, 51% used [0x00000000a0000000,0x00000000a4e3b8a0,0x00000000a9900000)
 Metaspace       used 82995K, capacity 87024K, committed 87296K, reserved 1124352K
  class space    used 10756K, capacity 11677K, committed 11776K, reserved 1048576K
Event: 526.302 GC heap after
Heap after GC invocations=20 (full 4):
 PSYoungGen      total 481792K, used 13560K [0x00000000e0000000, 0x00000000ffb00000, 0x0000000100000000)
  eden space 450560K, 0% used [0x00000000e0000000,0x00000000e0000000,0x00000000fb800000)
  from space 31232K, 43% used [0x00000000fdc80000,0x00000000fe9be088,0x00000000ffb00000)
  to   space 34304K, 0% used [0x00000000fb800000,0x00000000fb800000,0x00000000fd980000)
 ParOldGen       total 156672K, used 86172K [0x00000000a0000000, 0x00000000a9900000, 0x00000000e0000000)
  object space 156672K, 55% used [0x00000000a0000000,0x00000000a5427098,0x00000000a9900000)
 Metaspace       used 82995K, capacity 87024K, committed 87296K, reserved 1124352K
  class space    used 10756K, capacity 11677K, committed 11776K, reserved 1048576K
}
Event: 526.676 GC heap before
{Heap before GC invocations=21 (full 4):
 PSYoungGen      total 481792K, used 464076K [0x00000000e0000000, 0x00000000ffb00000, 0x0000000100000000)
  eden space 450560K, 99% used [0x00000000e0000000,0x00000000fb7f5258,0x00000000fb800000)
  from space 31232K, 43% used [0x00000000fdc80000,0x00000000fe9be088,0x00000000ffb00000)
  to   space 34304K, 0% used [0x00000000fb800000,0x00000000fb800000,0x00000000fd980000)
 ParOldGen       total 156672K, used 86172K [0x00000000a0000000, 0x00000000a9900000, 0x00000000e0000000)
  object space 156672K, 55% used [0x00000000a0000000,0x00000000a5427098,0x00000000a9900000)
 Metaspace       used 83016K, capacity 87028K, committed 87296K, reserved 1124352K
  class space    used 10757K, capacity 11677K, committed 11776K, reserved 1048576K
Event: 526.705 GC heap after
Heap after GC invocations=21 (full 4):
 PSYoungGen      total 484864K, used 3780K [0x00000000e0000000, 0x0000000100000000, 0x0000000100000000)
  eden space 450560K, 0% used [0x00000000e0000000,0x00000000e0000000,0x00000000fb800000)
  from space 34304K, 11% used [0x00000000fb800000,0x00000000fbbb1370,0x00000000fd980000)
  to   space 34304K, 0% used [0x00000000fde80000,0x00000000fde80000,0x0000000100000000)
 ParOldGen       total 156672K, used 92996K [0x00000000a0000000, 0x00000000a9900000, 0x00000000e0000000)
  object space 156672K, 59% used [0x00000000a0000000,0x00000000a5ad1290,0x00000000a9900000)
 Metaspace       used 83016K, capacity 87028K, committed 87296K, reserved 1124352K
  class space    used 10757K, capacity 11677K, committed 11776K, reserved 1048576K
}
Event: 527.146 GC heap before
{Heap before GC invocations=22 (full 4):
 PSYoungGen      total 484864K, used 453814K [0x00000000e0000000, 0x0000000100000000, 0x0000000100000000)
  eden space 450560K, 99% used [0x00000000e0000000,0x00000000fb77c750,0x00000000fb800000)
  from space 34304K, 11% used [0x00000000fb800000,0x00000000fbbb1370,0x00000000fd980000)
  to   space 34304K, 0% used [0x00000000fde80000,0x00000000fde80000,0x0000000100000000)
 ParOldGen       total 156672K, used 92996K [0x00000000a0000000, 0x00000000a9900000, 0x00000000e0000000)
  object space 156672K, 59% used [0x00000000a0000000,0x00000000a5ad1290,0x00000000a9900000)
 Metaspace       used 83029K, capacity 87092K, committed 87296K, reserved 1124352K
  class space    used 10757K, capacity 11677K, committed 11776K, reserved 1048576K
Event: 527.154 GC heap after
Heap after GC invocations=22 (full 4):
 PSYoungGen      total 488960K, used 4857K [0x00000000e0000000, 0x00000000fff00000, 0x0000000100000000)
  eden space 455680K, 0% used [0x00000000e0000000,0x00000000e0000000,0x00000000fbd00000)
  from space 33280K, 14% used [0x00000000fde80000,0x00000000fe33e760,0x00000000fff00000)
  to   space 33792K, 0% used [0x00000000fbd00000,0x00000000fbd00000,0x00000000fde00000)
 ParOldGen       total 156672K, used 94082K [0x00000000a0000000, 0x00000000a9900000, 0x00000000e0000000)
  object space 156672K, 60% used [0x00000000a0000000,0x00000000a5be0b58,0x00000000a9900000)
 Metaspace       used 83029K, capacity 87092K, committed 87296K, reserved 1124352K
  class space    used 10757K, capacity 11677K, committed 11776K, reserved 1048576K
}
Event: 527.619 GC heap before
{Heap before GC invocations=23 (full 4):
 PSYoungGen      total 488960K, used 460537K [0x00000000e0000000, 0x00000000fff00000, 0x0000000100000000)
  eden space 455680K, 100% used [0x00000000e0000000,0x00000000fbd00000,0x00000000fbd00000)
  from space 33280K, 14% used [0x00000000fde80000,0x00000000fe33e760,0x00000000fff00000)
  to   space 33792K, 0% used [0x00000000fbd00000,0x00000000fbd00000,0x00000000fde00000)
 ParOldGen       total 156672K, used 94082K [0x00000000a0000000, 0x00000000a9900000, 0x00000000e0000000)
  object space 156672K, 60% used [0x00000000a0000000,0x00000000a5be0b58,0x00000000a9900000)
 Metaspace       used 83039K, capacity 87092K, committed 87296K, reserved 1124352K
  class space    used 10757K, capacity 11677K, committed 11776K, reserved 1048576K
Event: 527.630 GC heap after
Heap after GC invocations=23 (full 4):
 PSYoungGen      total 489472K, used 6506K [0x00000000e0000000, 0x00000000ffe80000, 0x0000000100000000)
  eden space 455680K, 0% used [0x00000000e0000000,0x00000000e0000000,0x00000000fbd00000)
  from space 33792K, 19% used [0x00000000fbd00000,0x00000000fc35aaf0,0x00000000fde00000)
  to   space 32768K, 0% used [0x00000000fde80000,0x00000000fde80000,0x00000000ffe80000)
 ParOldGen       total 156672K, used 95578K [0x00000000a0000000, 0x00000000a9900000, 0x00000000e0000000)
  object space 156672K, 61% used [0x00000000a0000000,0x00000000a5d56a58,0x00000000a9900000)
 Metaspace       used 83039K, capacity 87092K, committed 87296K, reserved 1124352K
  class space    used 10757K, capacity 11677K, committed 11776K, reserved 1048576K
}
Event: 528.139 GC heap before
{Heap before GC invocations=24 (full 4):
 PSYoungGen      total 489472K, used 462186K [0x00000000e0000000, 0x00000000ffe80000, 0x0000000100000000)
  eden space 455680K, 100% used [0x00000000e0000000,0x00000000fbd00000,0x00000000fbd00000)
  from space 33792K, 19% used [0x00000000fbd00000,0x00000000fc35aaf0,0x00000000fde00000)
  to   space 32768K, 0% used [0x00000000fde80000,0x00000000fde80000,0x00000000ffe80000)
 ParOldGen       total 156672K, used 95578K [0x00000000a0000000, 0x00000000a9900000, 0x00000000e0000000)
  object space 156672K, 61% used [0x00000000a0000000,0x00000000a5d56a58,0x00000000a9900000)
 Metaspace       used 83234K, capacity 87338K, committed 87552K, reserved 1124352K
  class space    used 10789K, capacity 11726K, committed 11776K, reserved 1048576K
Event: 528.161 GC heap after
Heap after GC invocations=24 (full 4):
 PSYoungGen      total 489984K, used 3953K [0x00000000e0000000, 0x00000000ffe00000, 0x0000000100000000)
  eden space 457728K, 0% used [0x00000000e0000000,0x00000000e0000000,0x00000000fbf00000)
  from space 32256K, 12% used [0x00000000fde80000,0x00000000fe25c638,0x00000000ffe00000)
  to   space 32256K, 0% used [0x00000000fbf00000,0x00000000fbf00000,0x00000000fde80000)
 ParOldGen       total 156672K, used 100728K [0x00000000a0000000, 0x00000000a9900000, 0x00000000e0000000)
  object space 156672K, 64% used [0x00000000a0000000,0x00000000a625e0d8,0x00000000a9900000)
 Metaspace       used 83234K, capacity 87338K, committed 87552K, reserved 1124352K
  class space    used 10789K, capacity 11726K, committed 11776K, reserved 1048576K
}

Deoptimization events (10 events):
Event: 634.170 Thread 0x000000005a020000 Uncommon trap: reason=bimorphic action=maybe_recompile pc=0x000000000422d74c method=java.lang.StringCoding$StringEncoder.encode([CII)[B @ 48
Event: 634.171 Thread 0x000000005a020000 Uncommon trap: reason=bimorphic action=maybe_recompile pc=0x000000000422d74c method=java.lang.StringCoding$StringEncoder.encode([CII)[B @ 48
Event: 634.171 Thread 0x000000005a020000 Uncommon trap: reason=bimorphic action=maybe_recompile pc=0x000000000422d74c method=java.lang.StringCoding$StringEncoder.encode([CII)[B @ 48
Event: 634.177 Thread 0x000000005a020000 Uncommon trap: reason=unstable_if action=reinterpret pc=0x00000000032858a8 method=java.nio.HeapByteBuffer.put(Ljava/nio/ByteBuffer;)Ljava/nio/ByteBuffer; @ 4
Event: 634.353 Thread 0x000000005a020000 Uncommon trap: reason=bimorphic action=maybe_recompile pc=0x0000000003aa7a2c method=java.io.DataInputStream.readUnsignedShort()I @ 4
Event: 634.353 Thread 0x000000005a020000 Uncommon trap: reason=bimorphic action=maybe_recompile pc=0x0000000003aa7a2c method=java.io.DataInputStream.readUnsignedShort()I @ 4
Event: 634.357 Thread 0x000000005a020000 Uncommon trap: reason=class_check action=maybe_recompile pc=0x0000000005585538 method=java.io.SequenceInputStream.read([BII)I @ 58
Event: 634.370 Thread 0x000000005a020000 Uncommon trap: reason=bimorphic action=maybe_recompile pc=0x000000000422d74c method=java.lang.StringCoding$StringEncoder.encode([CII)[B @ 48
Event: 634.543 Thread 0x000000005a020000 Uncommon trap: reason=class_check action=maybe_recompile pc=0x0000000005585538 method=java.io.SequenceInputStream.read([BII)I @ 58
Event: 634.732 Thread 0x000000005a020000 Uncommon trap: reason=class_check action=maybe_recompile pc=0x0000000005585538 method=java.io.SequenceInputStream.read([BII)I @ 58

Internal exceptions (10 events):
Event: 529.228 Thread 0x000000005a020000 Exception <a 'sun/nio/fs/WindowsException'> (0x00000000ee80b998) thrown at [C:\re\workspace\8-2-build-windows-amd64-cygwin\jdk8u131\8869\hotspot\src\share\vm\prims\jni.cpp, line 709]
Event: 634.232 Thread 0x000000005a020000 Exception <a 'sun/nio/fs/WindowsException'> (0x00000000f06cac88) thrown at [C:\re\workspace\8-2-build-windows-amd64-cygwin\jdk8u131\8869\hotspot\src\share\vm\prims\jni.cpp, line 709]
Event: 634.392 Thread 0x000000005a020000 Exception <a 'sun/nio/fs/WindowsException'> (0x00000000f130b898) thrown at [C:\re\workspace\8-2-build-windows-amd64-cygwin\jdk8u131\8869\hotspot\src\share\vm\prims\jni.cpp, line 709]
Event: 634.588 Thread 0x000000005a020000 Exception <a 'sun/nio/fs/WindowsException'> (0x00000000f14d6bc0) thrown at [C:\re\workspace\8-2-build-windows-amd64-cygwin\jdk8u131\8869\hotspot\src\share\vm\prims\jni.cpp, line 709]
Event: 634.774 Thread 0x000000005a020000 Exception <a 'sun/nio/fs/WindowsException'> (0x00000000f1dac488) thrown at [C:\re\workspace\8-2-build-windows-amd64-cygwin\jdk8u131\8869\hotspot\src\share\vm\prims\jni.cpp, line 709]
Event: 634.943 Thread 0x000000005a020000 Exception <a 'sun/nio/fs/WindowsException'> (0x00000000f1e2c0b0) thrown at [C:\re\workspace\8-2-build-windows-amd64-cygwin\jdk8u131\8869\hotspot\src\share\vm\prims\jni.cpp, line 709]
Event: 703.291 Thread 0x000000005a020000 Exception <a 'sun/nio/fs/WindowsException'> (0x00000000f2c53860) thrown at [C:\re\workspace\8-2-build-windows-amd64-cygwin\jdk8u131\8869\hotspot\src\share\vm\prims\jni.cpp, line 709]
Event: 703.441 Thread 0x000000005a020000 Exception <a 'sun/nio/fs/WindowsException'> (0x00000000f2cd3488) thrown at [C:\re\workspace\8-2-build-windows-amd64-cygwin\jdk8u131\8869\hotspot\src\share\vm\prims\jni.cpp, line 709]
Event: 703.587 Thread 0x000000005a020000 Exception <a 'sun/nio/fs/WindowsException'> (0x00000000f3c3d790) thrown at [C:\re\workspace\8-2-build-windows-amd64-cygwin\jdk8u131\8869\hotspot\src\share\vm\prims\jni.cpp, line 709]
Event: 703.733 Thread 0x000000005a020000 Exception <a 'sun/nio/fs/WindowsException'> (0x00000000f41bd998) thrown at [C:\re\workspace\8-2-build-windows-amd64-cygwin\jdk8u131\8869\hotspot\src\share\vm\prims\jni.cpp, line 709]

Events (10 events):
Event: 703.717 Executing VM operation: RevokeBias
Event: 703.717 Executing VM operation: RevokeBias done
Event: 703.717 Executing VM operation: RevokeBias
Event: 703.717 Executing VM operation: RevokeBias done
Event: 703.717 Executing VM operation: BulkRevokeBias
Event: 703.717 Executing VM operation: BulkRevokeBias done
Event: 703.720 Thread 0x00000000566ee800 flushing nmethod 0x0000000005866550
Event: 703.817 Executing VM operation: RevokeBias
Event: 703.817 Executing VM operation: RevokeBias done
Event: 703.817 Thread 0x000000006217c000 Thread exited: 0x000000006217c000


Dynamic libraries:
0x000000013f630000 - 0x000000013f667000 	C:\Program Files\Java\jdk1.8.0_131\bin\java.exe
0x0000000077c00000 - 0x0000000077daa000 	C:\Windows\SYSTEM32\ntdll.dll
0x00000000779e0000 - 0x0000000077aff000 	C:\Windows\system32\kernel32.dll
0x000007fefd960000 - 0x000007fefd9ca000 	C:\Windows\system32\KERNELBASE.dll
0x000007fefeff0000 - 0x000007feff0cb000 	C:\Windows\system32\ADVAPI32.dll
0x000007fefdcb0000 - 0x000007fefdd4f000 	C:\Windows\system32\msvcrt.dll
0x000007fefe500000 - 0x000007fefe51f000 	C:\Windows\SYSTEM32\sechost.dll
0x000007fefe780000 - 0x000007fefe8ad000 	C:\Windows\system32\RPCRT4.dll
0x0000000077b00000 - 0x0000000077bfa000 	C:\Windows\system32\USER32.dll
0x000007fefe280000 - 0x000007fefe2e7000 	C:\Windows\system32\GDI32.dll
0x000007fefed10000 - 0x000007fefed1e000 	C:\Windows\system32\LPK.dll
0x000007fefe5c0000 - 0x000007fefe68b000 	C:\Windows\system32\USP10.dll
0x000007fefafc0000 - 0x000007fefb1b4000 	C:\Windows\WinSxS\amd64_microsoft.windows.common-controls_6595b64144ccf1df_6.0.7601.18837_none_fa3b1e3d17594757\COMCTL32.dll
0x000007feffe90000 - 0x000007fefff01000 	C:\Windows\system32\SHLWAPI.dll
0x000007feffe60000 - 0x000007feffe8e000 	C:\Windows\system32\IMM32.DLL
0x000007fefe8d0000 - 0x000007fefe9d9000 	C:\Windows\system32\MSCTF.dll
0x00000000692a0000 - 0x0000000069372000 	C:\Program Files\Java\jdk1.8.0_131\jre\bin\msvcr100.dll
0x0000000068a00000 - 0x000000006929c000 	C:\Program Files\Java\jdk1.8.0_131\jre\bin\server\jvm.dll
0x000007fefbb50000 - 0x000007fefbb59000 	C:\Windows\system32\WSOCK32.dll
0x000007fefe730000 - 0x000007fefe77d000 	C:\Windows\system32\WS2_32.dll
0x000007fefe270000 - 0x000007fefe278000 	C:\Windows\system32\NSI.dll
0x000007fef84d0000 - 0x000007fef850b000 	C:\Windows\system32\WINMM.dll
0x000007fefc960000 - 0x000007fefc96c000 	C:\Windows\system32\VERSION.dll
0x0000000077dc0000 - 0x0000000077dc7000 	C:\Windows\system32\PSAPI.DLL
0x0000000074020000 - 0x000000007402f000 	C:\Program Files\Java\jdk1.8.0_131\jre\bin\verify.dll
0x0000000073ff0000 - 0x0000000074019000 	C:\Program Files\Java\jdk1.8.0_131\jre\bin\java.dll
0x0000000073fa0000 - 0x0000000073fb6000 	C:\Program Files\Java\jdk1.8.0_131\jre\bin\zip.dll
0x000007feff0d0000 - 0x000007feffe5b000 	C:\Windows\system32\SHELL32.dll
0x000007fefe010000 - 0x000007fefe20c000 	C:\Windows\system32\ole32.dll
0x000007fefd900000 - 0x000007fefd90f000 	C:\Windows\system32\profapi.dll
0x0000000073fc0000 - 0x0000000073fda000 	C:\Program Files\Java\jdk1.8.0_131\jre\bin\net.dll
0x000007fefd0c0000 - 0x000007fefd115000 	C:\Windows\system32\mswsock.dll
0x000007fefd0b0000 - 0x000007fefd0b7000 	C:\Windows\System32\wship6.dll
0x0000000073f80000 - 0x0000000073f91000 	C:\Program Files\Java\jdk1.8.0_131\jre\bin\nio.dll
0x000007fef7780000 - 0x000007fef779e000 	C:\Users\IAV-Versuchsrechner\.gradle\native\25\windows-amd64\native-platform.dll
0x000007fefd120000 - 0x000007fefd138000 	C:\Windows\system32\CRYPTSP.dll
0x000007fefce20000 - 0x000007fefce67000 	C:\Windows\system32\rsaenh.dll
0x000007fefda60000 - 0x000007fefda7e000 	C:\Windows\system32\USERENV.dll
0x000007fefd790000 - 0x000007fefd79f000 	C:\Windows\system32\CRYPTBASE.dll
0x000007fefbb20000 - 0x000007fefbb47000 	C:\Windows\system32\IPHLPAPI.DLL
0x000007fefbb10000 - 0x000007fefbb1b000 	C:\Windows\system32\WINNSI.DLL
0x000007fefb1e0000 - 0x000007fefb1f8000 	C:\Windows\system32\dhcpcsvc.DLL
0x000007fefb1c0000 - 0x000007fefb1d1000 	C:\Windows\system32\dhcpcsvc6.DLL
0x0000000074030000 - 0x000000007403d000 	C:\Program Files\Java\jdk1.8.0_131\jre\bin\management.dll
0x0000000071da0000 - 0x0000000071dc4000 	C:\Program Files\Java\jdk1.8.0_131\jre\bin\sunec.dll
0x000007fefca30000 - 0x000007fefca37000 	C:\Windows\System32\wshtcpip.dll
0x000007fefcf40000 - 0x000007fefcf9b000 	C:\Windows\system32\DNSAPI.dll
0x000007fef60c0000 - 0x000007fef60ef000 	C:\Program Files\Common Files\Microsoft Shared\Windows Live\WLIDNSP.DLL
0x000007fef60b0000 - 0x000007fef60b8000 	C:\Windows\system32\rasadhlp.dll
0x000007fefb680000 - 0x000007fefb6d3000 	C:\Windows\System32\fwpuclnt.dll
0x0000000073f70000 - 0x0000000073f7b000 	C:\Program Files\Java\jdk1.8.0_131\jre\bin\sunmscapi.dll
0x000007fefdb40000 - 0x000007fefdcad000 	C:\Windows\system32\CRYPT32.dll
0x000007fefd8f0000 - 0x000007fefd8ff000 	C:\Windows\system32\MSASN1.dll
0x0000000012300000 - 0x0000000012387000 	C:\Users\IAV-Versuchsrechner\AppData\Local\Temp\aapt2_2216468832936886863.dir\libwinpthread-1.dll
0x000000006d040000 - 0x0000000070923000 	C:\Users\IAV-Versuchsrechner\AppData\Local\Temp\aapt2_2216468832936886863.dir\libaapt2_jni.dll
0x000007fefbb70000 - 0x000007fefbc95000 	C:\Windows\system32\dbghelp.dll

VM Arguments:
jvm_args: -Xmx1536m -Dfile.encoding=windows-1252 -Duser.country=DE -Duser.language=de -Duser.variant 
java_command: org.gradle.launcher.daemon.bootstrap.GradleDaemon 4.0-rc-1
java_class_path (initial): C:\Users\IAV-Versuchsrechner\.gradle\wrapper\dists\gradle-4.0-rc-1-all\f2e4agya6jovmpf9txk9t7844\gradle-4.0-rc-1\lib\gradle-launcher-4.0.jar
Launcher Type: SUN_STANDARD

Environment Variables:
PATH=C:\ProgramData\Oracle\Java\javapath;C:\Program Files\Java\jre8\bin;C:\Program Files\Common Files\Microsoft Shared\Windows Live;C:\Program Files (x86)\Common Files\Microsoft Shared\Windows Live;C:\Windows\system32;C:\Windows;C:\Windows\System32\Wbem;C:\Windows\System32\WindowsPowerShell\v1.0\;C:\Program Files (x86)\Windows Live\Shared;C:\Program Files\MATLAB\R2013b\bin;C:\Program Files\MATLAB\R2012a\bin;C:\Program Files\Microsoft Windows Performance Toolkit\;C:\Program Files (x86)\Microsoft SQL Server\100\Tools\Binn\;C:\Program Files\Microsoft SQL Server\100\Tools\Binn\;C:\Program Files\Microsoft SQL Server\100\DTS\Binn\;C:\Program Files\Intel\WiFi\bin\;C:\Program Files\Common Files\Intel\WirelessCommon\;C:\Program Files (x86)\QuickTime\QTSystem\;C:\Program Files\Java\jre8\bin;C:\Program Files\Intel\WiFi\bin\;C:\Program Files\Common Files\Intel\WirelessCommon\
USERNAME=IAV-Versuchsrechner
OS=Windows_NT
PROCESSOR_IDENTIFIER=Intel64 Family 6 Model 42 Stepping 7, GenuineIntel



---------------  S Y S T E M  ---------------

OS: Windows 7 , 64 bit Build 7601 (6.1.7601.23807)

CPU:total 8 (initial active 8) (4 cores per cpu, 2 threads per core) family 6 model 42 stepping 7, cmov, cx8, fxsr, mmx, sse, sse2, sse3, ssse3, sse4.1, sse4.2, popcnt, avx, aes, clmul, ht, tsc, tscinvbit

Memory: 4k page, physical 8365580k(1534820k free), swap 9182920k(19300k free)

vm_info: Java HotSpot(TM) 64-Bit Server VM (25.131-b11) for windows-amd64 JRE (1.8.0_131-b11), built on Mar 15 2017 01:23:53 by "java_re" with MS VC++ 10.0 (VS2010)

time: Tue Jul 18 09:15:47 2017
elapsed time: 703 seconds (0d 0h 11m 43s)

