#
# There is insufficient memory for the Java Runtime Environment to continue.
# Native memory allocation (malloc) failed to allocate 451456 bytes for Chunk::new
# Possible reasons:
#   The system is out of physical RAM or swap space
#   In 32 bit mode, the process size limit was hit
# Possible solutions:
#   Reduce memory load on the system
#   Increase physical memory or swap space
#   Check if swap backing store is full
#   Use 64 bit Java on a 64 bit OS
#   Decrease Java heap size (-Xmx/-Xms)
#   Decrease number of Java threads
#   Decrease Java thread stack sizes (-Xss)
#   Set larger code cache with -XX:ReservedCodeCacheSize=
# This output file may be truncated or incomplete.
#
#  Out of Memory Error (allocation.cpp:390), pid=1372, tid=0x00000000000019d8
#
# JRE version: Java(TM) SE Runtime Environment (8.0_131-b11) (build 1.8.0_131-b11)
# Java VM: Java HotSpot(TM) 64-Bit Server VM (25.131-b11 mixed mode windows-amd64 compressed oops)
# Failed to write core dump. Minidumps are not enabled by default on client versions of Windows
#

---------------  T H R E A D  ---------------

Current thread (0x0000000057a85000):  JavaThread "C2 CompilerThread2" daemon [_thread_in_native, id=6616, stack(0x0000000058980000,0x0000000058a80000)]

Stack: [0x0000000058980000,0x0000000058a80000]
[error occurred during error reporting (printing stack bounds), id 0xc0000005]

Native frames: (J=compiled Java code, j=interpreted, Vv=VM code, C=native code)


Current CompileTask:
C2: 357314 17801       4       com.android.dx.rop.code.LocalVariableInfo::mergeStarts (75 bytes)


---------------  P R O C E S S  ---------------

Java Threads: ( => current thread )
  0x0000000062343000 JavaThread "ForkJoinPool.commonPool-worker-14" daemon [_thread_blocked, id=7688, stack(0x000000006cc70000,0x000000006cd70000)]
  0x0000000062342000 JavaThread "ForkJoinPool.commonPool-worker-5" daemon [_thread_blocked, id=7480, stack(0x0000000069d50000,0x0000000069e50000)]
  0x000000005aaf5800 JavaThread "ForkJoinPool.commonPool-worker-12" daemon [_thread_blocked, id=6132, stack(0x0000000069af0000,0x0000000069bf0000)]
  0x000000005aafd000 JavaThread "ForkJoinPool.commonPool-worker-3" daemon [_thread_blocked, id=4436, stack(0x00000000699e0000,0x0000000069ae0000)]
  0x000000005aaf6000 JavaThread "ForkJoinPool.commonPool-worker-10" daemon [_thread_blocked, id=6736, stack(0x0000000067c60000,0x0000000067d60000)]
  0x000000005aaf8800 JavaThread "ForkJoinPool.commonPool-worker-1" daemon [_thread_blocked, id=6996, stack(0x000000005bf90000,0x000000005c090000)]
  0x000000005dcd3800 JavaThread "ForkJoinPool.commonPool-worker-8" daemon [_thread_blocked, id=3988, stack(0x0000000067240000,0x0000000067340000)]
  0x000000005dcd9800 JavaThread "Cache worker for Java compile cache (C:\Users\IAV-Versuchsrechner\Desktop\Workspace\CustomLauncher\.gradle\4.0-rc-1\javaCompile)" [_thread_blocked, id=7604, stack(0x00000000693d0000,0x00000000694d0000)]
  0x000000005aafc000 JavaThread "Task worker Thread 7" [_thread_blocked, id=7384, stack(0x00000000687f0000,0x00000000688f0000)]
  0x000000005aafd800 JavaThread "Task worker Thread 6" [_thread_blocked, id=6440, stack(0x0000000067d90000,0x0000000067e90000)]
  0x000000005aaf7000 JavaThread "Task worker Thread 5" [_thread_in_vm, id=6484, stack(0x0000000067ae0000,0x0000000067be0000)]
  0x000000005aaf3000 JavaThread "Task worker Thread 4" [_thread_blocked, id=7692, stack(0x0000000067950000,0x0000000067a50000)]
  0x000000005aaf7800 JavaThread "Task worker Thread 3" [_thread_blocked, id=7636, stack(0x0000000067580000,0x0000000067680000)]
  0x000000005aaf2800 JavaThread "Task worker Thread 2" [_thread_blocked, id=5784, stack(0x0000000066420000,0x0000000066520000)]
  0x000000005aaf4800 JavaThread "Task worker" [_thread_blocked, id=7452, stack(0x0000000064cb0000,0x0000000064db0000)]
  0x000000005aafb800 JavaThread "Cache worker for task history cache (C:\Users\IAV-Versuchsrechner\Desktop\Workspace\CustomLauncher\.gradle\4.0-rc-1\taskHistory)" [_thread_blocked, id=7276, stack(0x0000000065010000,0x0000000065110000)]
  0x000000005aafa800 JavaThread "Cache worker for file content cache (C:\Users\IAV-Versuchsrechner\Desktop\Workspace\CustomLauncher\.gradle\4.0-rc-1\fileContent)" [_thread_blocked, id=7700, stack(0x000000005c760000,0x000000005c860000)]
  0x000000005dcdf800 JavaThread "build operations Thread 8" [_thread_blocked, id=7472, stack(0x0000000064510000,0x0000000064610000)]
  0x000000005dcd5800 JavaThread "build operations Thread 7" [_thread_blocked, id=4312, stack(0x0000000064b70000,0x0000000064c70000)]
  0x000000005dcdb800 JavaThread "build operations Thread 6" [_thread_blocked, id=7192, stack(0x0000000063280000,0x0000000063380000)]
  0x000000005dcd8800 JavaThread "build operations Thread 5" [_thread_blocked, id=3484, stack(0x0000000063160000,0x0000000063260000)]
  0x000000005dcd2800 JavaThread "build operations Thread 4" [_thread_blocked, id=7556, stack(0x0000000063060000,0x0000000063160000)]
  0x000000005dcdc800 JavaThread "build operations Thread 3" [_thread_blocked, id=7324, stack(0x000000005db50000,0x000000005dc50000)]
  0x000000005dcd5000 JavaThread "build operations Thread 2" [_thread_blocked, id=7200, stack(0x0000000062ed0000,0x0000000062fd0000)]
  0x000000005dcd0800 JavaThread "build operations" [_thread_blocked, id=4416, stack(0x00000000619a0000,0x0000000061aa0000)]
  0x000000005dcd4000 JavaThread "Cache worker for Artifact transforms cache (C:\Users\IAV-Versuchsrechner\.gradle\caches\transforms-1)" [_thread_blocked, id=8116, stack(0x0000000061850000,0x0000000061950000)]
  0x000000005dcd8000 JavaThread "Cache worker for file hash cache (C:\Users\IAV-Versuchsrechner\Desktop\Workspace\CustomLauncher\.gradle\4.0-rc-1\fileHashes)" [_thread_blocked, id=7848, stack(0x0000000061560000,0x0000000061660000)]
  0x000000005dcda000 JavaThread "Stdin handler" [_thread_blocked, id=2828, stack(0x000000005c500000,0x000000005c600000)]
  0x000000005dcd7000 JavaThread "Asynchronous log dispatcher for DefaultDaemonConnection: socket connection from /127.0.0.1:51215 to /127.0.0.1:51485" [_thread_blocked, id=3560, stack(0x000000005c340000,0x000000005c440000)]
  0x000000005dcd6800 JavaThread "Cancel handler" [_thread_blocked, id=4456, stack(0x000000005c090000,0x000000005c190000)]
  0x000000005dcdd000 JavaThread "Handler for socket connection from /127.0.0.1:51215 to /127.0.0.1:51485" [_thread_in_native, id=2908, stack(0x000000005bbe0000,0x000000005bce0000)]
  0x000000005dcde800 JavaThread "ForkJoinPool.commonPool-worker-11" daemon [_thread_blocked, id=1736, stack(0x0000000067ee0000,0x0000000067fe0000)]
  0x000000005dcdb000 JavaThread "ForkJoinPool.commonPool-worker-9" daemon [_thread_blocked, id=5020, stack(0x0000000066b80000,0x0000000066c80000)]
  0x000000005aaf0800 JavaThread "Daemon worker Thread 2" [_thread_blocked, id=3960, stack(0x000000005c210000,0x000000005c310000)]
  0x000000005aafa000 JavaThread "Daemon Thread 2" [_thread_blocked, id=7608, stack(0x000000005b8d0000,0x000000005b9d0000)]
  0x000000005aaf9000 JavaThread "Memory manager" [_thread_blocked, id=8052, stack(0x0000000061660000,0x0000000061760000)]
  0x000000005aaf0000 JavaThread "File lock request listener" [_thread_in_native, id=8024, stack(0x000000005c880000,0x000000005c980000)]
  0x000000005aaef000 JavaThread "Cache worker for file hash cache (C:\Users\IAV-Versuchsrechner\.gradle\caches\4.0-rc-1\fileHashes)" [_thread_blocked, id=5180, stack(0x000000005c660000,0x000000005c760000)]
  0x000000005aa2f000 JavaThread "Daemon periodic checks" [_thread_blocked, id=7184, stack(0x000000005ba30000,0x000000005bb30000)]
  0x000000005a70d000 JavaThread "Incoming local TCP Connector on port 51215" [_thread_in_native, id=7012, stack(0x000000005b2b0000,0x000000005b3b0000)]
  0x000000005a844800 JavaThread "Daemon health stats" [_thread_blocked, id=6064, stack(0x000000005b7b0000,0x000000005b8b0000)]
  0x0000000057b09800 JavaThread "Service Thread" daemon [_thread_blocked, id=916, stack(0x00000000596e0000,0x00000000597e0000)]
  0x0000000057a8e000 JavaThread "C1 CompilerThread3" daemon [_thread_blocked, id=2024, stack(0x00000000594f0000,0x00000000595f0000)]
=>0x0000000057a85000 JavaThread "C2 CompilerThread2" daemon [_thread_in_native, id=6616, stack(0x0000000058980000,0x0000000058a80000)]
  0x00000000568bc000 JavaThread "C2 CompilerThread1" daemon [_thread_in_native, id=6136, stack(0x0000000059390000,0x0000000059490000)]
  0x0000000057a72800 JavaThread "C2 CompilerThread0" daemon [_thread_in_native, id=1916, stack(0x00000000591a0000,0x00000000592a0000)]
  0x0000000057a71800 JavaThread "Attach Listener" daemon [_thread_blocked, id=3956, stack(0x0000000059090000,0x0000000059190000)]
  0x0000000057a70800 JavaThread "Signal Dispatcher" daemon [_thread_blocked, id=7240, stack(0x0000000058ed0000,0x0000000058fd0000)]
  0x00000000568b3000 JavaThread "Finalizer" daemon [_thread_blocked, id=6652, stack(0x0000000058d70000,0x0000000058e70000)]
  0x00000000568a9000 JavaThread "Reference Handler" daemon [_thread_blocked, id=1964, stack(0x0000000058c60000,0x0000000058d60000)]
  0x0000000001e7f800 JavaThread "main" [_thread_blocked, id=3836, stack(0x0000000002540000,0x0000000002640000)]

Other Threads:
  0x0000000057a22800 VMThread [stack: 0x0000000058b20000,0x0000000058c20000] [id=7440]
  0x0000000057b0e800 WatcherThread [stack: 0x0000000059800000,0x0000000059900000] [id=3492]

VM state:not at safepoint (normal execution)

VM Mutex/Monitor currently owned by a thread: None

Heap:
 PSYoungGen      total 439808K, used 267504K [0x00000000e0000000, 0x0000000100000000, 0x0000000100000000)
  eden space 410624K, 63% used [0x00000000e0000000,0x00000000efcb7ca8,0x00000000f9100000)
  from space 29184K, 29% used [0x00000000f9100000,0x00000000f9984448,0x00000000fad80000)
  to   space 28160K, 0% used [0x00000000fe480000,0x00000000fe480000,0x0000000100000000)
 ParOldGen       total 159232K, used 60685K [0x00000000a0000000, 0x00000000a9b80000, 0x00000000e0000000)
  object space 159232K, 38% used [0x00000000a0000000,0x00000000a3b43448,0x00000000a9b80000)
 Metaspace       used 74469K, capacity 77976K, committed 78208K, reserved 1118208K
  class space    used 9612K, capacity 10357K, committed 10368K, reserved 1048576K

Card table byte_map: [0x0000000011cd0000,0x0000000011fe0000] byte_map_base: 0x00000000117d0000

Marking Bits: (ParMarkBitMap*) 0x000000006921c720
 Begin Bits: [0x0000000012bc0000, 0x00000000143c0000)
 End Bits:   [0x00000000143c0000, 0x0000000015bc0000)

Polling page: 0x0000000000230000

CodeCache: size=245760Kb used=47349Kb max_used=47846Kb free=198410Kb
 bounds [0x0000000002910000, 0x0000000005840000, 0x0000000011910000]
 total_blobs=15035 nmethods=14218 adapters=728
 compilation: enabled

Compilation events (10 events):
Event: 357.095 Thread 0x0000000057a72800 nmethod 17810 0x00000000045d91d0 code [0x00000000045d9320, 0x00000000045d9578]
Event: 357.095 Thread 0x0000000057a72800 17800       4       com.android.dx.ssa.back.LivenessAnalyzer::<init> (55 bytes)
Event: 357.099 Thread 0x0000000057a72800 nmethod 17800 0x00000000044de2d0 code [0x00000000044de440, 0x00000000044de7f8]
Event: 357.099 Thread 0x0000000057a72800 17828       4       com.android.dx.rop.code.Rops::ropFor (829 bytes)
Event: 357.140 Thread 0x0000000057a85000 nmethod 17778 0x00000000044e1310 code [0x00000000044e1560, 0x00000000044e2d18]
Event: 357.140 Thread 0x0000000057a85000 17793       4       com.android.dx.cf.code.ExecutionStack::peek (42 bytes)
Event: 357.141 Thread 0x0000000057a85000 nmethod 17793 0x0000000003585b90 code [0x0000000003585ce0, 0x0000000003585d98]
Event: 357.141 Thread 0x0000000057a85000 17801       4       com.android.dx.rop.code.LocalVariableInfo::mergeStarts (75 bytes)
Event: 357.164 Thread 0x00000000568bc000 nmethod 17812 0x00000000058264d0 code [0x0000000005826ba0, 0x000000000582ccd0]
Event: 357.164 Thread 0x00000000568bc000 17804       4       com.android.dx.ssa.LocalVariableInfo::mergeStarts (59 bytes)

GC Heap History (10 events):
Event: 76.831 GC heap before
{Heap before GC invocations=20 (full 3):
 PSYoungGen      total 320512K, used 311808K [0x00000000e0000000, 0x00000000f6d80000, 0x0000000100000000)
  eden space 292352K, 100% used [0x00000000e0000000,0x00000000f1d80000,0x00000000f1d80000)
  from space 28160K, 69% used [0x00000000f3a00000,0x00000000f4d003b0,0x00000000f5580000)
  to   space 29184K, 0% used [0x00000000f1d80000,0x00000000f1d80000,0x00000000f3a00000)
 ParOldGen       total 159232K, used 49334K [0x00000000a0000000, 0x00000000a9b80000, 0x00000000e0000000)
  object space 159232K, 30% used [0x00000000a0000000,0x00000000a302d8e0,0x00000000a9b80000)
 Metaspace       used 71168K, capacity 74168K, committed 74368K, reserved 1114112K
  class space    used 9312K, capacity 9985K, committed 10112K, reserved 1048576K
Event: 76.859 GC heap after
Heap after GC invocations=20 (full 3):
 PSYoungGen      total 321536K, used 20381K [0x00000000e0000000, 0x00000000f9d80000, 0x0000000100000000)
  eden space 292352K, 0% used [0x00000000e0000000,0x00000000e0000000,0x00000000f1d80000)
  from space 29184K, 69% used [0x00000000f1d80000,0x00000000f31675e0,0x00000000f3a00000)
  to   space 30208K, 0% used [0x00000000f8000000,0x00000000f8000000,0x00000000f9d80000)
 ParOldGen       total 159232K, used 53759K [0x00000000a0000000, 0x00000000a9b80000, 0x00000000e0000000)
  object space 159232K, 33% used [0x00000000a0000000,0x00000000a347ffb0,0x00000000a9b80000)
 Metaspace       used 71168K, capacity 74168K, committed 74368K, reserved 1114112K
  class space    used 9312K, capacity 9985K, committed 10112K, reserved 1048576K
}
Event: 90.407 GC heap before
{Heap before GC invocations=21 (full 3):
 PSYoungGen      total 321536K, used 312284K [0x00000000e0000000, 0x00000000f9d80000, 0x0000000100000000)
  eden space 292352K, 99% used [0x00000000e0000000,0x00000000f1d0fdf8,0x00000000f1d80000)
  from space 29184K, 69% used [0x00000000f1d80000,0x00000000f31675e0,0x00000000f3a00000)
  to   space 30208K, 0% used [0x00000000f8000000,0x00000000f8000000,0x00000000f9d80000)
 ParOldGen       total 159232K, used 53759K [0x00000000a0000000, 0x00000000a9b80000, 0x00000000e0000000)
  object space 159232K, 33% used [0x00000000a0000000,0x00000000a347ffb0,0x00000000a9b80000)
 Metaspace       used 71814K, capacity 74898K, committed 75136K, reserved 1114112K
  class space    used 9372K, capacity 10028K, committed 10112K, reserved 1048576K
Event: 90.416 GC heap after
Heap after GC invocations=21 (full 3):
 PSYoungGen      total 376832K, used 5657K [0x00000000e0000000, 0x00000000f9580000, 0x0000000100000000)
  eden space 354816K, 0% used [0x00000000e0000000,0x00000000e0000000,0x00000000f5a80000)
  from space 22016K, 25% used [0x00000000f8000000,0x00000000f85865c0,0x00000000f9580000)
  to   space 30208K, 0% used [0x00000000f5a80000,0x00000000f5a80000,0x00000000f7800000)
 ParOldGen       total 159232K, used 59427K [0x00000000a0000000, 0x00000000a9b80000, 0x00000000e0000000)
  object space 159232K, 37% used [0x00000000a0000000,0x00000000a3a08fe0,0x00000000a9b80000)
 Metaspace       used 71814K, capacity 74898K, committed 75136K, reserved 1114112K
  class space    used 9372K, capacity 10028K, committed 10112K, reserved 1048576K
}
Event: 290.442 GC heap before
{Heap before GC invocations=22 (full 3):
 PSYoungGen      total 376832K, used 360473K [0x00000000e0000000, 0x00000000f9580000, 0x0000000100000000)
  eden space 354816K, 100% used [0x00000000e0000000,0x00000000f5a80000,0x00000000f5a80000)
  from space 22016K, 25% used [0x00000000f8000000,0x00000000f85865c0,0x00000000f9580000)
  to   space 30208K, 0% used [0x00000000f5a80000,0x00000000f5a80000,0x00000000f7800000)
 ParOldGen       total 159232K, used 59427K [0x00000000a0000000, 0x00000000a9b80000, 0x00000000e0000000)
  object space 159232K, 37% used [0x00000000a0000000,0x00000000a3a08fe0,0x00000000a9b80000)
 Metaspace       used 73025K, capacity 76200K, committed 76416K, reserved 1116160K
  class space    used 9550K, capacity 10241K, committed 10368K, reserved 1048576K
Event: 290.448 GC heap after
Heap after GC invocations=22 (full 3):
 PSYoungGen      total 385024K, used 3550K [0x00000000e0000000, 0x00000000fd580000, 0x0000000100000000)
  eden space 354816K, 0% used [0x00000000e0000000,0x00000000e0000000,0x00000000f5a80000)
  from space 30208K, 11% used [0x00000000f5a80000,0x00000000f5df79a0,0x00000000f7800000)
  to   space 30208K, 0% used [0x00000000fb800000,0x00000000fb800000,0x00000000fd580000)
 ParOldGen       total 159232K, used 60669K [0x00000000a0000000, 0x00000000a9b80000, 0x00000000e0000000)
  object space 159232K, 38% used [0x00000000a0000000,0x00000000a3b3f448,0x00000000a9b80000)
 Metaspace       used 73025K, capacity 76200K, committed 76416K, reserved 1116160K
  class space    used 9550K, capacity 10241K, committed 10368K, reserved 1048576K
}
Event: 352.865 GC heap before
{Heap before GC invocations=23 (full 3):
 PSYoungGen      total 385024K, used 358324K [0x00000000e0000000, 0x00000000fd580000, 0x0000000100000000)
  eden space 354816K, 99% used [0x00000000e0000000,0x00000000f5a75808,0x00000000f5a80000)
  from space 30208K, 11% used [0x00000000f5a80000,0x00000000f5df79a0,0x00000000f7800000)
  to   space 30208K, 0% used [0x00000000fb800000,0x00000000fb800000,0x00000000fd580000)
 ParOldGen       total 159232K, used 60669K [0x00000000a0000000, 0x00000000a9b80000, 0x00000000e0000000)
  object space 159232K, 38% used [0x00000000a0000000,0x00000000a3b3f448,0x00000000a9b80000)
 Metaspace       used 74294K, capacity 77808K, committed 77952K, reserved 1116160K
  class space    used 9608K, capacity 10353K, committed 10368K, reserved 1048576K
Event: 352.874 GC heap after
Heap after GC invocations=23 (full 3):
 PSYoungGen      total 429056K, used 8231K [0x00000000e0000000, 0x00000000fca00000, 0x0000000100000000)
  eden space 410624K, 0% used [0x00000000e0000000,0x00000000e0000000,0x00000000f9100000)
  from space 18432K, 44% used [0x00000000fb800000,0x00000000fc009ed0,0x00000000fca00000)
  to   space 29184K, 0% used [0x00000000f9100000,0x00000000f9100000,0x00000000fad80000)
 ParOldGen       total 159232K, used 60677K [0x00000000a0000000, 0x00000000a9b80000, 0x00000000e0000000)
  object space 159232K, 38% used [0x00000000a0000000,0x00000000a3b41448,0x00000000a9b80000)
 Metaspace       used 74294K, capacity 77808K, committed 77952K, reserved 1116160K
  class space    used 9608K, capacity 10353K, committed 10368K, reserved 1048576K
}
Event: 356.198 GC heap before
{Heap before GC invocations=24 (full 3):
 PSYoungGen      total 429056K, used 418850K [0x00000000e0000000, 0x00000000fca00000, 0x0000000100000000)
  eden space 410624K, 99% used [0x00000000e0000000,0x00000000f90fe960,0x00000000f9100000)
  from space 18432K, 44% used [0x00000000fb800000,0x00000000fc009ed0,0x00000000fca00000)
  to   space 29184K, 0% used [0x00000000f9100000,0x00000000f9100000,0x00000000fad80000)
 ParOldGen       total 159232K, used 60677K [0x00000000a0000000, 0x00000000a9b80000, 0x00000000e0000000)
  object space 159232K, 38% used [0x00000000a0000000,0x00000000a3b41448,0x00000000a9b80000)
 Metaspace       used 74375K, capacity 77890K, committed 77952K, reserved 1116160K
  class space    used 9610K, capacity 10356K, committed 10368K, reserved 1048576K
Event: 356.213 GC heap after
Heap after GC invocations=24 (full 3):
 PSYoungGen      total 439808K, used 8721K [0x00000000e0000000, 0x0000000100000000, 0x0000000100000000)
  eden space 410624K, 0% used [0x00000000e0000000,0x00000000e0000000,0x00000000f9100000)
  from space 29184K, 29% used [0x00000000f9100000,0x00000000f9984448,0x00000000fad80000)
  to   space 28160K, 0% used [0x00000000fe480000,0x00000000fe480000,0x0000000100000000)
 ParOldGen       total 159232K, used 60685K [0x00000000a0000000, 0x00000000a9b80000, 0x00000000e0000000)
  object space 159232K, 38% used [0x00000000a0000000,0x00000000a3b43448,0x00000000a9b80000)
 Metaspace       used 74375K, capacity 77890K, committed 77952K, reserved 1116160K
  class space    used 9610K, capacity 10356K, committed 10368K, reserved 1048576K
}

Deoptimization events (10 events):
Event: 354.794 Thread 0x000000005dcdb000 Uncommon trap: reason=unstable_if action=reinterpret pc=0x0000000004594a68 method=org.objectweb.asm.Frame.c(I)V @ 5
Event: 355.070 Thread 0x000000005aaf7000 Uncommon trap: reason=bimorphic action=maybe_recompile pc=0x000000000460cae4 method=java.util.zip.InflaterInputStream.read([BII)I @ 100
Event: 355.071 Thread 0x000000005aaf7000 Uncommon trap: reason=bimorphic action=maybe_recompile pc=0x000000000460cae4 method=java.util.zip.InflaterInputStream.read([BII)I @ 100
Event: 355.071 Thread 0x000000005aaf7000 Uncommon trap: reason=bimorphic action=maybe_recompile pc=0x000000000460cae4 method=java.util.zip.InflaterInputStream.read([BII)I @ 100
Event: 355.071 Thread 0x000000005aaf7000 Uncommon trap: reason=bimorphic action=maybe_recompile pc=0x000000000460cae4 method=java.util.zip.InflaterInputStream.read([BII)I @ 100
Event: 356.425 Thread 0x000000005dcde800 Uncommon trap: reason=predicate action=maybe_recompile pc=0x0000000004d95fe8 method=com.android.dx.ssa.DomFront.run()[Lcom/android/dx/ssa/DomFront$DomInfo; @ 32
Event: 356.622 Thread 0x000000005aafd000 Uncommon trap: reason=array_check action=maybe_recompile pc=0x00000000052610ac method=java.util.ComparableTimSort.mergeLo(IIII)V @ 81
Event: 357.020 Thread 0x000000005dcde800 Uncommon trap: reason=predicate action=maybe_recompile pc=0x00000000050812ac method=com.android.dex.Leb128.readUnsignedLeb128(Lcom/android/dex/util/ByteInput;)I @ 41
Event: 357.021 Thread 0x000000005dcde800 Uncommon trap: reason=predicate action=maybe_recompile pc=0x000000000506ad90 method=com.android.dex.Leb128.readUnsignedLeb128(Lcom/android/dex/util/ByteInput;)I @ 41
Event: 357.032 Thread 0x0000000062343000 Uncommon trap: reason=unstable_if action=reinterpret pc=0x000000000504ef50 method=com.android.dx.merge.DexMerger.transformCode(Lcom/android/dex/Dex;Lcom/android/dex/Code;Lcom/android/dx/merge/IndexMap;)V @ 86

Internal exceptions (10 events):
Event: 356.821 Thread 0x000000005aaf8800 Exception <a 'sun/nio/fs/WindowsException'> (0x00000000ea0aed98) thrown at [C:\re\workspace\8-2-build-windows-amd64-cygwin\jdk8u131\8869\hotspot\src\share\vm\prims\jni.cpp, line 709]
Event: 356.825 Thread 0x000000005dcd3800 Exception <a 'sun/nio/fs/WindowsException'> (0x00000000ea07b480) thrown at [C:\re\workspace\8-2-build-windows-amd64-cygwin\jdk8u131\8869\hotspot\src\share\vm\prims\jni.cpp, line 709]
Event: 356.826 Thread 0x000000005dcd3800 Exception <a 'sun/nio/fs/WindowsException'> (0x00000000ea07bb98) thrown at [C:\re\workspace\8-2-build-windows-amd64-cygwin\jdk8u131\8869\hotspot\src\share\vm\prims\jni.cpp, line 709]
Event: 356.828 Thread 0x000000005aaf8800 Exception <a 'sun/nio/fs/WindowsException'> (0x00000000ea0b1f28) thrown at [C:\re\workspace\8-2-build-windows-amd64-cygwin\jdk8u131\8869\hotspot\src\share\vm\prims\jni.cpp, line 709]
Event: 356.828 Thread 0x000000005aaf8800 Exception <a 'sun/nio/fs/WindowsException'> (0x00000000ea0b2680) thrown at [C:\re\workspace\8-2-build-windows-amd64-cygwin\jdk8u131\8869\hotspot\src\share\vm\prims\jni.cpp, line 709]
Event: 356.836 Thread 0x000000005aaf8800 Exception <a 'sun/nio/fs/WindowsException'> (0x00000000ea0b5838) thrown at [C:\re\workspace\8-2-build-windows-amd64-cygwin\jdk8u131\8869\hotspot\src\share\vm\prims\jni.cpp, line 709]
Event: 356.836 Thread 0x000000005aaf8800 Exception <a 'sun/nio/fs/WindowsException'> (0x00000000ea0b5f90) thrown at [C:\re\workspace\8-2-build-windows-amd64-cygwin\jdk8u131\8869\hotspot\src\share\vm\prims\jni.cpp, line 709]
Event: 356.842 Thread 0x000000005aaf8800 Exception <a 'sun/nio/fs/WindowsException'> (0x00000000ea0b9120) thrown at [C:\re\workspace\8-2-build-windows-amd64-cygwin\jdk8u131\8869\hotspot\src\share\vm\prims\jni.cpp, line 709]
Event: 356.842 Thread 0x000000005aaf8800 Exception <a 'sun/nio/fs/WindowsException'> (0x00000000ea0b9878) thrown at [C:\re\workspace\8-2-build-windows-amd64-cygwin\jdk8u131\8869\hotspot\src\share\vm\prims\jni.cpp, line 709]
Event: 357.207 Thread 0x000000005aafd000 Exception <a 'java/lang/OutOfMemoryError'> (0x00000000efc8f628) thrown at [C:\re\workspace\8-2-build-windows-amd64-cygwin\jdk8u131\8869\hotspot\src\share\vm\prims\jni.cpp, line 735]

Events (10 events):
Event: 357.069 Thread 0x0000000057a85000 flushing nmethod 0x0000000004654810
Event: 357.069 Thread 0x0000000057a85000 flushing nmethod 0x0000000004656890
Event: 357.069 Thread 0x0000000057a85000 flushing nmethod 0x0000000004658d90
Event: 357.069 Thread 0x0000000057a85000 flushing nmethod 0x000000000465c210
Event: 357.069 Thread 0x0000000057a85000 flushing nmethod 0x000000000466b2d0
Event: 357.069 Thread 0x0000000057a85000 flushing nmethod 0x0000000004676310
Event: 357.069 Thread 0x0000000057a85000 flushing nmethod 0x0000000004681dd0
Event: 357.089 Thread 0x0000000057a72800 flushing nmethod 0x0000000005178b50
Event: 357.091 Thread 0x0000000057a72800 flushing nmethod 0x00000000054a9ad0
Event: 357.091 Thread 0x0000000057a72800 flushing nmethod 0x00000000054b2650


Dynamic libraries:
0x000000013f630000 - 0x000000013f667000 	C:\Program Files\Java\jdk1.8.0_131\bin\java.exe
0x0000000077c00000 - 0x0000000077daa000 	C:\Windows\SYSTEM32\ntdll.dll
0x00000000779e0000 - 0x0000000077aff000 	C:\Windows\system32\kernel32.dll
0x000007fefd960000 - 0x000007fefd9ca000 	C:\Windows\system32\KERNELBASE.dll
0x000007fefeff0000 - 0x000007feff0cb000 	C:\Windows\system32\ADVAPI32.dll
0x000007fefdcb0000 - 0x000007fefdd4f000 	C:\Windows\system32\msvcrt.dll
0x000007fefe500000 - 0x000007fefe51f000 	C:\Windows\SYSTEM32\sechost.dll
0x000007fefe780000 - 0x000007fefe8ad000 	C:\Windows\system32\RPCRT4.dll
0x0000000077b00000 - 0x0000000077bfa000 	C:\Windows\system32\USER32.dll
0x000007fefe280000 - 0x000007fefe2e7000 	C:\Windows\system32\GDI32.dll
0x000007fefed10000 - 0x000007fefed1e000 	C:\Windows\system32\LPK.dll
0x000007fefe5c0000 - 0x000007fefe68b000 	C:\Windows\system32\USP10.dll
0x000007fefafc0000 - 0x000007fefb1b4000 	C:\Windows\WinSxS\amd64_microsoft.windows.common-controls_6595b64144ccf1df_6.0.7601.18837_none_fa3b1e3d17594757\COMCTL32.dll
0x000007feffe90000 - 0x000007fefff01000 	C:\Windows\system32\SHLWAPI.dll
0x000007feffe60000 - 0x000007feffe8e000 	C:\Windows\system32\IMM32.DLL
0x000007fefe8d0000 - 0x000007fefe9d9000 	C:\Windows\system32\MSCTF.dll
0x00000000692a0000 - 0x0000000069372000 	C:\Program Files\Java\jdk1.8.0_131\jre\bin\msvcr100.dll
0x0000000068a00000 - 0x000000006929c000 	C:\Program Files\Java\jdk1.8.0_131\jre\bin\server\jvm.dll
0x000007fefbb50000 - 0x000007fefbb59000 	C:\Windows\system32\WSOCK32.dll
0x000007fefe730000 - 0x000007fefe77d000 	C:\Windows\system32\WS2_32.dll
0x000007fefe270000 - 0x000007fefe278000 	C:\Windows\system32\NSI.dll
0x000007fef84d0000 - 0x000007fef850b000 	C:\Windows\system32\WINMM.dll
0x000007fefc960000 - 0x000007fefc96c000 	C:\Windows\system32\VERSION.dll
0x0000000077dc0000 - 0x0000000077dc7000 	C:\Windows\system32\PSAPI.DLL
0x0000000074020000 - 0x000000007402f000 	C:\Program Files\Java\jdk1.8.0_131\jre\bin\verify.dll
0x0000000073ff0000 - 0x0000000074019000 	C:\Program Files\Java\jdk1.8.0_131\jre\bin\java.dll
0x0000000073fa0000 - 0x0000000073fb6000 	C:\Program Files\Java\jdk1.8.0_131\jre\bin\zip.dll
0x000007feff0d0000 - 0x000007feffe5b000 	C:\Windows\system32\SHELL32.dll
0x000007fefe010000 - 0x000007fefe20c000 	C:\Windows\system32\ole32.dll
0x000007fefd900000 - 0x000007fefd90f000 	C:\Windows\system32\profapi.dll
0x0000000073fc0000 - 0x0000000073fda000 	C:\Program Files\Java\jdk1.8.0_131\jre\bin\net.dll
0x000007fefd0c0000 - 0x000007fefd115000 	C:\Windows\system32\mswsock.dll
0x000007fefd0b0000 - 0x000007fefd0b7000 	C:\Windows\System32\wship6.dll
0x0000000073f80000 - 0x0000000073f91000 	C:\Program Files\Java\jdk1.8.0_131\jre\bin\nio.dll
0x000007fef7780000 - 0x000007fef779e000 	C:\Users\IAV-Versuchsrechner\.gradle\native\25\windows-amd64\native-platform.dll
0x000007fefd120000 - 0x000007fefd138000 	C:\Windows\system32\CRYPTSP.dll
0x000007fefce20000 - 0x000007fefce67000 	C:\Windows\system32\rsaenh.dll
0x000007fefda60000 - 0x000007fefda7e000 	C:\Windows\system32\USERENV.dll
0x000007fefd790000 - 0x000007fefd79f000 	C:\Windows\system32\CRYPTBASE.dll
0x000007fefbb20000 - 0x000007fefbb47000 	C:\Windows\system32\IPHLPAPI.DLL
0x000007fefbb10000 - 0x000007fefbb1b000 	C:\Windows\system32\WINNSI.DLL
0x000007fefb1e0000 - 0x000007fefb1f8000 	C:\Windows\system32\dhcpcsvc.DLL
0x000007fefb1c0000 - 0x000007fefb1d1000 	C:\Windows\system32\dhcpcsvc6.DLL
0x0000000074030000 - 0x000000007403d000 	C:\Program Files\Java\jdk1.8.0_131\jre\bin\management.dll
0x0000000002460000 - 0x00000000024e7000 	C:\Users\IAV-Versuchsrechner\AppData\Local\Temp\aapt2_5694518127434721854.dir\libwinpthread-1.dll
0x000000006d040000 - 0x0000000070923000 	C:\Users\IAV-Versuchsrechner\AppData\Local\Temp\aapt2_5694518127434721854.dir\libaapt2_jni.dll

VM Arguments:
jvm_args: -Xmx1536m -Dfile.encoding=windows-1252 -Duser.country=DE -Duser.language=de -Duser.variant 
java_command: org.gradle.launcher.daemon.bootstrap.GradleDaemon 4.0-rc-1
java_class_path (initial): C:\Users\IAV-Versuchsrechner\.gradle\wrapper\dists\gradle-4.0-rc-1-all\f2e4agya6jovmpf9txk9t7844\gradle-4.0-rc-1\lib\gradle-launcher-4.0.jar
Launcher Type: SUN_STANDARD

Environment Variables:
PATH=C:\ProgramData\Oracle\Java\javapath;C:\Program Files\Java\jre8\bin;C:\Program Files\Common Files\Microsoft Shared\Windows Live;C:\Program Files (x86)\Common Files\Microsoft Shared\Windows Live;C:\Windows\system32;C:\Windows;C:\Windows\System32\Wbem;C:\Windows\System32\WindowsPowerShell\v1.0\;C:\Program Files (x86)\Windows Live\Shared;C:\Program Files\MATLAB\R2013b\bin;C:\Program Files\MATLAB\R2012a\bin;C:\Program Files\Microsoft Windows Performance Toolkit\;C:\Program Files (x86)\Microsoft SQL Server\100\Tools\Binn\;C:\Program Files\Microsoft SQL Server\100\Tools\Binn\;C:\Program Files\Microsoft SQL Server\100\DTS\Binn\;C:\Program Files\Intel\WiFi\bin\;C:\Program Files\Common Files\Intel\WirelessCommon\;C:\Program Files (x86)\QuickTime\QTSystem\;C:\Program Files\Java\jre8\bin;C:\Program Files\Intel\WiFi\bin\;C:\Program Files\Common Files\Intel\WirelessCommon\
USERNAME=IAV-Versuchsrechner
OS=Windows_NT
PROCESSOR_IDENTIFIER=Intel64 Family 6 Model 42 Stepping 7, GenuineIntel



---------------  S Y S T E M  ---------------

OS: Windows 7 , 64 bit Build 7601 (6.1.7601.23807)

CPU:total 8 (initial active 8) (4 cores per cpu, 2 threads per core) family 6 model 42 stepping 7, cmov, cx8, fxsr, mmx, sse, sse2, sse3, ssse3, sse4.1, sse4.2, popcnt, avx, aes, clmul, ht, tsc, tscinvbit

Memory: 4k page, physical 8365580k(1510736k free), swap 9182920k(5120k free)

vm_info: Java HotSpot(TM) 64-Bit Server VM (25.131-b11) for windows-amd64 JRE (1.8.0_131-b11), built on Mar 15 2017 01:23:53 by "java_re" with MS VC++ 10.0 (VS2010)

time: Tue Jul 18 09:50:10 2017
elapsed time: 357 seconds (0d 0h 5m 57s)

