#
# There is insufficient memory for the Java Runtime Environment to continue.
# Native memory allocation (malloc) failed to allocate 40288 bytes for Chunk::new
# Possible reasons:
#   The system is out of physical RAM or swap space
#   In 32 bit mode, the process size limit was hit
# Possible solutions:
#   Reduce memory load on the system
#   Increase physical memory or swap space
#   Check if swap backing store is full
#   Use 64 bit Java on a 64 bit OS
#   Decrease Java heap size (-Xmx/-Xms)
#   Decrease number of Java threads
#   Decrease Java thread stack sizes (-Xss)
#   Set larger code cache with -XX:ReservedCodeCacheSize=
# This output file may be truncated or incomplete.
#
#  Out of Memory Error (allocation.cpp:390), pid=7924, tid=0x0000000000001f88
#
# JRE version: Java(TM) SE Runtime Environment (8.0_131-b11) (build 1.8.0_131-b11)
# Java VM: Java HotSpot(TM) 64-Bit Server VM (25.131-b11 mixed mode windows-amd64 compressed oops)
# Failed to write core dump. Minidumps are not enabled by default on client versions of Windows
#

---------------  T H R E A D  ---------------

Current thread (0x00000000579ab800):  JavaThread "C2 CompilerThread0" daemon [_thread_in_native, id=8072, stack(0x0000000059190000,0x0000000059290000)]

Stack: [0x0000000059190000,0x0000000059290000]
[error occurred during error reporting (printing stack bounds), id 0xc0000005]

Native frames: (J=compiled Java code, j=interpreted, Vv=VM code, C=native code)


Current CompileTask:
C2:1660752 22115       4       com.android.dx.ssa.LocalVariableExtractor::processBlock (383 bytes)


---------------  P R O C E S S  ---------------

Java Threads: ( => current thread )
  0x000000006229a000 JavaThread "ForkJoinPool.commonPool-worker-12" daemon [_thread_blocked, id=7536, stack(0x000000006ca70000,0x000000006cb70000)]
  0x0000000062299000 JavaThread "ForkJoinPool.commonPool-worker-3" daemon [_thread_blocked, id=6540, stack(0x0000000069e30000,0x0000000069f30000)]
  0x0000000062294000 JavaThread "ForkJoinPool.commonPool-worker-10" daemon [_thread_in_Java, id=8104, stack(0x000000006c8a0000,0x000000006c9a0000)]
  0x0000000062294800 JavaThread "ForkJoinPool.commonPool-worker-1" daemon [_thread_in_Java, id=7088, stack(0x000000006c6d0000,0x000000006c7d0000)]
  0x000000005ac3a800 JavaThread "Cache worker for Java compile cache (C:\Users\IAV-Versuchsrechner\Desktop\Workspace\CustomLauncher\.gradle\4.0-rc-1\javaCompile)" [_thread_blocked, id=7948, stack(0x000000006c530000,0x000000006c630000)]
  0x0000000062296000 JavaThread "ForkJoinPool.commonPool-worker-8" daemon [_thread_blocked, id=5272, stack(0x000000006c420000,0x000000006c520000)]
  0x000000005ac44000 JavaThread "ForkJoinPool.commonPool-worker-15" daemon [_thread_blocked, id=6484, stack(0x0000000065080000,0x0000000065180000)]
  0x000000005ac39000 JavaThread "ForkJoinPool.commonPool-worker-6" daemon [_thread_in_native, id=6220, stack(0x0000000067530000,0x0000000067630000)]
  0x000000005ac3d800 JavaThread "ForkJoinPool.commonPool-worker-4" daemon [_thread_blocked, id=4908, stack(0x0000000063390000,0x0000000063490000)]
  0x000000005ac43800 JavaThread "Task worker Thread 7" [_thread_blocked, id=7620, stack(0x0000000069d10000,0x0000000069e10000)]
  0x000000005ac41000 JavaThread "Task worker Thread 6" [_thread_blocked, id=6160, stack(0x0000000069bd0000,0x0000000069cd0000)]
  0x000000005ac45000 JavaThread "Task worker Thread 5" [_thread_blocked, id=5732, stack(0x0000000068900000,0x0000000068a00000)]
  0x000000005ac3e000 JavaThread "Task worker Thread 4" [_thread_blocked, id=7560, stack(0x0000000067ee0000,0x0000000067fe0000)]
  0x000000005ac42000 JavaThread "Task worker Thread 3" [_thread_blocked, id=3988, stack(0x0000000067db0000,0x0000000067eb0000)]
  0x000000005ac3c800 JavaThread "Task worker Thread 2" [_thread_blocked, id=7652, stack(0x00000000635d0000,0x00000000636d0000)]
  0x000000005ac42800 JavaThread "Task worker" [_thread_blocked, id=1800, stack(0x0000000067ca0000,0x0000000067da0000)]
  0x0000000060e33800 JavaThread "Cache worker for task history cache (C:\Users\IAV-Versuchsrechner\Desktop\Workspace\CustomLauncher\.gradle\4.0-rc-1\taskHistory)" [_thread_blocked, id=2868, stack(0x0000000067170000,0x0000000067270000)]
  0x0000000060e38800 JavaThread "Cache worker for file content cache (C:\Users\IAV-Versuchsrechner\Desktop\Workspace\CustomLauncher\.gradle\4.0-rc-1\fileContent)" [_thread_blocked, id=7452, stack(0x0000000065f70000,0x0000000066070000)]
  0x0000000060e34800 JavaThread "build operations Thread 8" [_thread_blocked, id=3852, stack(0x0000000065660000,0x0000000065760000)]
  0x0000000060e2f000 JavaThread "build operations Thread 7" [_thread_blocked, id=4320, stack(0x0000000064f70000,0x0000000065070000)]
  0x0000000060e3a000 JavaThread "build operations Thread 6" [_thread_blocked, id=7244, stack(0x0000000064710000,0x0000000064810000)]
  0x0000000060e2e800 JavaThread "build operations Thread 5" [_thread_blocked, id=6476, stack(0x00000000634b0000,0x00000000635b0000)]
  0x0000000060e30000 JavaThread "build operations Thread 4" [_thread_blocked, id=7372, stack(0x0000000063280000,0x0000000063380000)]
  0x0000000060e2d000 JavaThread "build operations Thread 3" [_thread_blocked, id=7608, stack(0x000000005daf0000,0x000000005dbf0000)]
  0x0000000060e2a800 JavaThread "build operations Thread 2" [_thread_blocked, id=6728, stack(0x0000000062ac0000,0x0000000062bc0000)]
  0x0000000060e2d800 JavaThread "build operations" [_thread_blocked, id=6996, stack(0x000000005c440000,0x000000005c540000)]
  0x0000000060e37000 JavaThread "Cache worker for Artifact transforms cache (C:\Users\IAV-Versuchsrechner\.gradle\caches\transforms-1)" [_thread_blocked, id=7020, stack(0x0000000061550000,0x0000000061650000)]
  0x0000000060e33000 JavaThread "Cache worker for file hash cache (C:\Users\IAV-Versuchsrechner\Desktop\Workspace\CustomLauncher\.gradle\4.0-rc-1\fileHashes)" [_thread_blocked, id=4432, stack(0x000000005dc10000,0x000000005dd10000)]
  0x0000000060e32000 JavaThread "Stdin handler" [_thread_blocked, id=4300, stack(0x000000005c540000,0x000000005c640000)]
  0x0000000060e36000 JavaThread "Asynchronous log dispatcher for DefaultDaemonConnection: socket connection from /127.0.0.1:50175 to /127.0.0.1:51191" [_thread_blocked, id=4304, stack(0x000000005baf0000,0x000000005bbf0000)]
  0x0000000060e30800 JavaThread "Daemon worker Thread 7" [_thread_blocked, id=3928, stack(0x000000005c2f0000,0x000000005c3f0000)]
  0x0000000060e35000 JavaThread "Cancel handler" [_thread_blocked, id=5408, stack(0x000000005c190000,0x000000005c290000)]
  0x0000000060e2b800 JavaThread "Handler for socket connection from /127.0.0.1:50175 to /127.0.0.1:51191" [_thread_in_native, id=1128, stack(0x000000005bfe0000,0x000000005c0e0000)]
  0x0000000060e2c000 JavaThread "Daemon Thread 7" [_thread_blocked, id=7844, stack(0x000000005bc40000,0x000000005bd40000)]
  0x000000005ac3f800 JavaThread "Memory manager" [_thread_blocked, id=7208, stack(0x00000000626e0000,0x00000000627e0000)]
  0x000000005ac37800 JavaThread "File lock request listener" [_thread_in_native, id=3880, stack(0x000000005c7b0000,0x000000005c8b0000)]
  0x000000005ac36800 JavaThread "Cache worker for file hash cache (C:\Users\IAV-Versuchsrechner\.gradle\caches\4.0-rc-1\fileHashes)" [_thread_blocked, id=6680, stack(0x000000005c690000,0x000000005c790000)]
  0x000000005ab77800 JavaThread "Daemon periodic checks" [_thread_blocked, id=6976, stack(0x000000005b980000,0x000000005ba80000)]
  0x000000005aba6800 JavaThread "Incoming local TCP Connector on port 50175" [_thread_in_native, id=6624, stack(0x000000005b5f0000,0x000000005b6f0000)]
  0x000000005aa2f000 JavaThread "Daemon health stats" [_thread_blocked, id=3520, stack(0x000000005b7a0000,0x000000005b8a0000)]
  0x0000000057a4c000 JavaThread "Service Thread" daemon [_thread_blocked, id=7268, stack(0x0000000059790000,0x0000000059890000)]
  0x00000000579d0800 JavaThread "C1 CompilerThread3" daemon [_thread_in_native, id=5360, stack(0x00000000594e0000,0x00000000595e0000)]
  0x00000000579c7800 JavaThread "C2 CompilerThread2" daemon [_thread_in_native, id=7676, stack(0x0000000059600000,0x0000000059700000)]
  0x00000000579bf800 JavaThread "C2 CompilerThread1" daemon [_thread_in_native, id=3560, stack(0x0000000059390000,0x0000000059490000)]
=>0x00000000579ab800 JavaThread "C2 CompilerThread0" daemon [_thread_in_native, id=8072, stack(0x0000000059190000,0x0000000059290000)]
  0x00000000579aa800 JavaThread "Attach Listener" daemon [_thread_blocked, id=5788, stack(0x0000000058e00000,0x0000000058f00000)]
  0x00000000579a9000 JavaThread "Signal Dispatcher" daemon [_thread_blocked, id=7600, stack(0x0000000058fd0000,0x00000000590d0000)]
  0x0000000056a11000 JavaThread "Finalizer" daemon [_thread_blocked, id=7664, stack(0x0000000058cf0000,0x0000000058df0000)]
  0x0000000056a09000 JavaThread "Reference Handler" daemon [_thread_blocked, id=7752, stack(0x0000000058b00000,0x0000000058c00000)]
  0x00000000003af800 JavaThread "main" [_thread_blocked, id=1752, stack(0x0000000002340000,0x0000000002440000)]

Other Threads:
  0x0000000057962800 VMThread [stack: 0x0000000058a00000,0x0000000058b00000] [id=1040]
  0x0000000057a51000 WatcherThread [stack: 0x00000000598e0000,0x00000000599e0000] [id=7764]

VM state:not at safepoint (normal execution)

VM Mutex/Monitor currently owned by a thread: None

Heap:
 PSYoungGen      total 498688K, used 477939K [0x00000000e0000000, 0x0000000100000000, 0x0000000100000000)
  eden space 473088K, 95% used [0x00000000e0000000,0x00000000fbabece8,0x00000000fce00000)
  from space 25600K, 99% used [0x00000000fce00000,0x00000000fe6fdfb0,0x00000000fe700000)
  to   space 25600K, 0% used [0x00000000fe700000,0x00000000fe700000,0x0000000100000000)
 ParOldGen       total 162816K, used 70001K [0x00000000a0000000, 0x00000000a9f00000, 0x00000000e0000000)
  object space 162816K, 42% used [0x00000000a0000000,0x00000000a445c658,0x00000000a9f00000)
 Metaspace       used 84270K, capacity 90674K, committed 90904K, reserved 1128448K
  class space    used 10976K, capacity 12460K, committed 12568K, reserved 1048576K

Card table byte_map: [0x0000000011ad0000,0x0000000011de0000] byte_map_base: 0x00000000115d0000

Marking Bits: (ParMarkBitMap*) 0x000000006921c720
 Begin Bits: [0x0000000012d20000, 0x0000000014520000)
 End Bits:   [0x0000000014520000, 0x0000000015d20000)

Polling page: 0x0000000000230000

CodeCache: size=245760Kb used=61667Kb max_used=61667Kb free=184092Kb
 bounds [0x0000000002710000, 0x00000000063b0000, 0x0000000011710000]
 total_blobs=18490 nmethods=17661 adapters=738
 compilation: enabled

Compilation events (10 events):
Event: 1660.234 Thread 0x00000000579d0800 22209       2       com.android.apkzlib.zip.CentralDirectory$$Lambda$283/1185231788::<init> (10 bytes)
Event: 1660.234 Thread 0x00000000579d0800 nmethod 22209 0x000000000639e610 code [0x000000000639e760, 0x000000000639e8d0]
Event: 1660.234 Thread 0x00000000579d0800 22210       2       com.android.apkzlib.zip.ZipFieldInvariantMaxValue::isValid (15 bytes)
Event: 1660.235 Thread 0x00000000579d0800 nmethod 22210 0x000000000639e950 code [0x000000000639eaa0, 0x000000000639ec10]
Event: 1660.235 Thread 0x00000000579d0800 22211   !   2       sun.nio.fs.WindowsFileSystemProvider::newByteChannel (71 bytes)
Event: 1660.236 Thread 0x00000000579d0800 nmethod 22211 0x000000000639ec90 code [0x000000000639ee80, 0x000000000639f328]
Event: 1660.254 Thread 0x00000000579d0800 22212       2       com.android.builder.dexing.ClassFileEntry::withDexExtension (52 bytes)
Event: 1660.255 Thread 0x00000000579d0800 nmethod 22212 0x000000000639f890 code [0x000000000639fa80, 0x000000000639ff48]
Event: 1660.266 Thread 0x00000000579d0800 22216       2       java.io.InputStreamReader::<init> (30 bytes)
Event: 1660.267 Thread 0x00000000579d0800 nmethod 22216 0x00000000063a06d0 code [0x00000000063a0880, 0x00000000063a0cb8]

GC Heap History (10 events):
Event: 761.934 GC heap before
{Heap before GC invocations=25 (full 4):
 PSYoungGen      total 463360K, used 460278K [0x00000000e0000000, 0x00000000fe300000, 0x0000000100000000)
  eden space 443904K, 99% used [0x00000000e0000000,0x00000000fb10a440,0x00000000fb180000)
  from space 19456K, 86% used [0x00000000fc680000,0x00000000fd6f3630,0x00000000fd980000)
  to   space 21504K, 0% used [0x00000000fb180000,0x00000000fb180000,0x00000000fc680000)
 ParOldGen       total 162816K, used 52505K [0x00000000a0000000, 0x00000000a9f00000, 0x00000000e0000000)
  object space 162816K, 32% used [0x00000000a0000000,0x00000000a3346738,0x00000000a9f00000)
 Metaspace       used 75088K, capacity 79304K, committed 79512K, reserved 1118208K
  class space    used 9769K, capacity 10633K, committed 10648K, reserved 1048576K
Event: 761.940 GC heap after
Heap after GC invocations=25 (full 4):
 PSYoungGen      total 465408K, used 3960K [0x00000000e0000000, 0x0000000100000000, 0x0000000100000000)
  eden space 443904K, 0% used [0x00000000e0000000,0x00000000e0000000,0x00000000fb180000)
  from space 21504K, 18% used [0x00000000fb180000,0x00000000fb55e058,0x00000000fc680000)
  to   space 20992K, 0% used [0x00000000feb80000,0x00000000feb80000,0x0000000100000000)
 ParOldGen       total 162816K, used 55138K [0x00000000a0000000, 0x00000000a9f00000, 0x00000000e0000000)
  object space 162816K, 33% used [0x00000000a0000000,0x00000000a35d8a98,0x00000000a9f00000)
 Metaspace       used 75088K, capacity 79304K, committed 79512K, reserved 1118208K
  class space    used 9769K, capacity 10633K, committed 10648K, reserved 1048576K
}
Event: 1193.647 GC heap before
{Heap before GC invocations=26 (full 4):
 PSYoungGen      total 465408K, used 447864K [0x00000000e0000000, 0x0000000100000000, 0x0000000100000000)
  eden space 443904K, 100% used [0x00000000e0000000,0x00000000fb180000,0x00000000fb180000)
  from space 21504K, 18% used [0x00000000fb180000,0x00000000fb55e058,0x00000000fc680000)
  to   space 20992K, 0% used [0x00000000feb80000,0x00000000feb80000,0x0000000100000000)
 ParOldGen       total 162816K, used 55138K [0x00000000a0000000, 0x00000000a9f00000, 0x00000000e0000000)
  object space 162816K, 33% used [0x00000000a0000000,0x00000000a35d8a98,0x00000000a9f00000)
 Metaspace       used 81396K, capacity 86752K, committed 86936K, reserved 1124352K
  class space    used 10673K, capacity 11834K, committed 11928K, reserved 1048576K
Event: 1193.823 GC heap after
Heap after GC invocations=26 (full 4):
 PSYoungGen      total 496128K, used 20880K [0x00000000e0000000, 0x0000000100000000, 0x0000000100000000)
  eden space 475136K, 0% used [0x00000000e0000000,0x00000000e0000000,0x00000000fd000000)
  from space 20992K, 99% used [0x00000000feb80000,0x00000000fffe4050,0x0000000100000000)
  to   space 24576K, 0% used [0x00000000fd000000,0x00000000fd000000,0x00000000fe800000)
 ParOldGen       total 162816K, used 55274K [0x00000000a0000000, 0x00000000a9f00000, 0x00000000e0000000)
  object space 162816K, 33% used [0x00000000a0000000,0x00000000a35faaa8,0x00000000a9f00000)
 Metaspace       used 81396K, capacity 86752K, committed 86936K, reserved 1124352K
  class space    used 10673K, capacity 11834K, committed 11928K, reserved 1048576K
}
Event: 1636.911 GC heap before
{Heap before GC invocations=27 (full 4):
 PSYoungGen      total 496128K, used 496016K [0x00000000e0000000, 0x0000000100000000, 0x0000000100000000)
  eden space 475136K, 100% used [0x00000000e0000000,0x00000000fd000000,0x00000000fd000000)
  from space 20992K, 99% used [0x00000000feb80000,0x00000000fffe4050,0x0000000100000000)
  to   space 24576K, 0% used [0x00000000fd000000,0x00000000fd000000,0x00000000fe800000)
 ParOldGen       total 162816K, used 55274K [0x00000000a0000000, 0x00000000a9f00000, 0x00000000e0000000)
  object space 162816K, 33% used [0x00000000a0000000,0x00000000a35faaa8,0x00000000a9f00000)
 Metaspace       used 83319K, capacity 89628K, committed 89752K, reserved 1126400K
  class space    used 10956K, capacity 12437K, committed 12440K, reserved 1048576K
Event: 1636.928 GC heap after
Heap after GC invocations=27 (full 4):
 PSYoungGen      total 499712K, used 12392K [0x00000000e0000000, 0x0000000100000000, 0x0000000100000000)
  eden space 475136K, 0% used [0x00000000e0000000,0x00000000e0000000,0x00000000fd000000)
  from space 24576K, 50% used [0x00000000fd000000,0x00000000fdc1a3c0,0x00000000fe800000)
  to   space 24064K, 0% used [0x00000000fe880000,0x00000000fe880000,0x0000000100000000)
 ParOldGen       total 162816K, used 68157K [0x00000000a0000000, 0x00000000a9f00000, 0x00000000e0000000)
  object space 162816K, 41% used [0x00000000a0000000,0x00000000a428f760,0x00000000a9f00000)
 Metaspace       used 83319K, capacity 89628K, committed 89752K, reserved 1126400K
  class space    used 10956K, capacity 12437K, committed 12440K, reserved 1048576K
}
Event: 1656.208 GC heap before
{Heap before GC invocations=28 (full 4):
 PSYoungGen      total 499712K, used 487528K [0x00000000e0000000, 0x0000000100000000, 0x0000000100000000)
  eden space 475136K, 100% used [0x00000000e0000000,0x00000000fd000000,0x00000000fd000000)
  from space 24576K, 50% used [0x00000000fd000000,0x00000000fdc1a3c0,0x00000000fe800000)
  to   space 24064K, 0% used [0x00000000fe880000,0x00000000fe880000,0x0000000100000000)
 ParOldGen       total 162816K, used 68157K [0x00000000a0000000, 0x00000000a9f00000, 0x00000000e0000000)
  object space 162816K, 41% used [0x00000000a0000000,0x00000000a428f760,0x00000000a9f00000)
 Metaspace       used 83728K, capacity 90074K, committed 90392K, reserved 1126400K
  class space    used 10972K, capacity 12460K, committed 12568K, reserved 1048576K
Event: 1656.222 GC heap after
Heap after GC invocations=28 (full 4):
 PSYoungGen      total 497152K, used 18767K [0x00000000e0000000, 0x0000000100000000, 0x0000000100000000)
  eden space 473088K, 0% used [0x00000000e0000000,0x00000000e0000000,0x00000000fce00000)
  from space 24064K, 77% used [0x00000000fe880000,0x00000000ffad3d40,0x0000000100000000)
  to   space 25600K, 0% used [0x00000000fce00000,0x00000000fce00000,0x00000000fe700000)
 ParOldGen       total 162816K, used 68165K [0x00000000a0000000, 0x00000000a9f00000, 0x00000000e0000000)
  object space 162816K, 41% used [0x00000000a0000000,0x00000000a4291760,0x00000000a9f00000)
 Metaspace       used 83728K, capacity 90074K, committed 90392K, reserved 1126400K
  class space    used 10972K, capacity 12460K, committed 12568K, reserved 1048576K
}
Event: 1659.819 GC heap before
{Heap before GC invocations=29 (full 4):
 PSYoungGen      total 497152K, used 491855K [0x00000000e0000000, 0x0000000100000000, 0x0000000100000000)
  eden space 473088K, 100% used [0x00000000e0000000,0x00000000fce00000,0x00000000fce00000)
  from space 24064K, 77% used [0x00000000fe880000,0x00000000ffad3d40,0x0000000100000000)
  to   space 25600K, 0% used [0x00000000fce00000,0x00000000fce00000,0x00000000fe700000)
 ParOldGen       total 162816K, used 68165K [0x00000000a0000000, 0x00000000a9f00000, 0x00000000e0000000)
  object space 162816K, 41% used [0x00000000a0000000,0x00000000a4291760,0x00000000a9f00000)
 Metaspace       used 84187K, capacity 90542K, committed 90904K, reserved 1128448K
  class space    used 10976K, capacity 12460K, committed 12568K, reserved 1048576K
Event: 1659.847 GC heap after
Heap after GC invocations=29 (full 4):
 PSYoungGen      total 498688K, used 25591K [0x00000000e0000000, 0x0000000100000000, 0x0000000100000000)
  eden space 473088K, 0% used [0x00000000e0000000,0x00000000e0000000,0x00000000fce00000)
  from space 25600K, 99% used [0x00000000fce00000,0x00000000fe6fdfb0,0x00000000fe700000)
  to   space 25600K, 0% used [0x00000000fe700000,0x00000000fe700000,0x0000000100000000)
 ParOldGen       total 162816K, used 70001K [0x00000000a0000000, 0x00000000a9f00000, 0x00000000e0000000)
  object space 162816K, 42% used [0x00000000a0000000,0x00000000a445c658,0x00000000a9f00000)
 Metaspace       used 84187K, capacity 90542K, committed 90904K, reserved 1128448K
  class space    used 10976K, capacity 12460K, committed 12568K, reserved 1048576K
}

Deoptimization events (10 events):
Event: 1659.269 Thread 0x000000005ac44000 Uncommon trap: reason=unstable_if action=reinterpret pc=0x000000000606e0ac method=com.android.dx.ssa.SCCP.simulateStmt(Lcom/android/dx/ssa/SsaInsn;)V @ 53
Event: 1659.595 Thread 0x000000005ac44000 Uncommon trap: reason=unstable_if action=reinterpret pc=0x000000000611f0cc method=com.android.dx.rop.code.LocalItem.compareHandlesNulls(Lcom/android/dx/rop/cst/CstString;Lcom/android/dx/rop/cst/CstString;)I @ 14
Event: 1659.595 Thread 0x000000005ac44000 Uncommon trap: reason=unstable_if action=reinterpret pc=0x0000000005f32d14 method=com.android.dx.rop.code.LocalItem.compareHandlesNulls(Lcom/android/dx/rop/cst/CstString;Lcom/android/dx/rop/cst/CstString;)I @ 14
Event: 1659.596 Thread 0x000000005ac44000 Uncommon trap: reason=unstable_if action=reinterpret pc=0x00000000060019d4 method=com.android.dx.rop.code.LocalItem.compareHandlesNulls(Lcom/android/dx/rop/cst/CstString;Lcom/android/dx/rop/cst/CstString;)I @ 8
Event: 1659.598 Thread 0x000000005ac44000 Uncommon trap: reason=unstable_if action=reinterpret pc=0x000000000621b060 method=com.android.dx.rop.cst.CstNat.equals(Ljava/lang/Object;)Z @ 25
Event: 1659.730 Thread 0x000000005ac44000 Uncommon trap: reason=unstable_if action=reinterpret pc=0x000000000529580c method=com.android.dx.ssa.SsaMethod.updateOneDefinition(Lcom/android/dx/ssa/SsaInsn;Lcom/android/dx/rop/code/RegisterSpec;)V @ 4
Event: 1659.930 Thread 0x0000000062299000 Uncommon trap: reason=bimorphic action=maybe_recompile pc=0x00000000062de384 method=com.android.dx.cf.code.RopperMachine.run(Lcom/android/dx/cf/code/Frame;II)V @ 988
Event: 1659.930 Thread 0x0000000062299000 Uncommon trap: reason=bimorphic action=maybe_recompile pc=0x00000000062de384 method=com.android.dx.cf.code.RopperMachine.run(Lcom/android/dx/cf/code/Frame;II)V @ 988
Event: 1659.931 Thread 0x000000005ac44000 Uncommon trap: reason=bimorphic action=maybe_recompile pc=0x00000000062de384 method=com.android.dx.cf.code.RopperMachine.run(Lcom/android/dx/cf/code/Frame;II)V @ 988
Event: 1659.947 Thread 0x000000005ac39000 Uncommon trap: reason=bimorphic action=maybe_recompile pc=0x00000000062de384 method=com.android.dx.cf.code.RopperMachine.run(Lcom/android/dx/cf/code/Frame;II)V @ 988

Internal exceptions (10 events):
Event: 1660.226 Thread 0x0000000062296000 Exception <a 'sun/nio/fs/WindowsException'> (0x00000000f961e180) thrown at [C:\re\workspace\8-2-build-windows-amd64-cygwin\jdk8u131\8869\hotspot\src\share\vm\prims\jni.cpp, line 709]
Event: 1660.226 Thread 0x0000000062296000 Exception <a 'sun/nio/fs/WindowsException'> (0x00000000f961e958) thrown at [C:\re\workspace\8-2-build-windows-amd64-cygwin\jdk8u131\8869\hotspot\src\share\vm\prims\jni.cpp, line 709]
Event: 1660.227 Thread 0x0000000062296000 Exception <a 'sun/nio/fs/WindowsException'> (0x00000000f961f278) thrown at [C:\re\workspace\8-2-build-windows-amd64-cygwin\jdk8u131\8869\hotspot\src\share\vm\prims\jni.cpp, line 709]
Event: 1660.231 Thread 0x000000006229a000 Exception <a 'sun/nio/fs/WindowsException'> (0x00000000f8c74260) thrown at [C:\re\workspace\8-2-build-windows-amd64-cygwin\jdk8u131\8869\hotspot\src\share\vm\prims\jni.cpp, line 709]
Event: 1660.231 Thread 0x000000005ac44000 Exception <a 'sun/nio/fs/WindowsException'> (0x00000000f96fecb8) thrown at [C:\re\workspace\8-2-build-windows-amd64-cygwin\jdk8u131\8869\hotspot\src\share\vm\prims\jni.cpp, line 709]
Event: 1660.249 Thread 0x0000000062296000 Exception <a 'sun/nio/fs/WindowsException'> (0x00000000f963b620) thrown at [C:\re\workspace\8-2-build-windows-amd64-cygwin\jdk8u131\8869\hotspot\src\share\vm\prims\jni.cpp, line 709]
Event: 1660.252 Thread 0x000000005ac3d800 Exception <a 'sun/nio/fs/WindowsException'> (0x00000000f9df30d8) thrown at [C:\re\workspace\8-2-build-windows-amd64-cygwin\jdk8u131\8869\hotspot\src\share\vm\prims\jni.cpp, line 709]
Event: 1660.255 Thread 0x000000006229a000 Exception <a 'sun/nio/fs/WindowsException'> (0x00000000fa19edd8) thrown at [C:\re\workspace\8-2-build-windows-amd64-cygwin\jdk8u131\8869\hotspot\src\share\vm\prims\jni.cpp, line 709]
Event: 1660.261 Thread 0x0000000062296000 Exception <a 'sun/nio/fs/WindowsException'> (0x00000000f9659ce8) thrown at [C:\re\workspace\8-2-build-windows-amd64-cygwin\jdk8u131\8869\hotspot\src\share\vm\prims\jni.cpp, line 709]
Event: 1660.268 Thread 0x0000000062294000 Exception <a 'java/lang/OutOfMemoryError'> (0x00000000fa4c9628) thrown at [C:\re\workspace\8-2-build-windows-amd64-cygwin\jdk8u131\8869\hotspot\src\share\vm\prims\jni.cpp, line 735]

Events (10 events):
Event: 1660.155 Thread 0x000000005ac44000 DEOPT PACKING pc=0x00000000061e6ee7 sp=0x000000006517ebe0
Event: 1660.155 Thread 0x000000005ac44000 DEOPT UNPACKING pc=0x000000000275787f sp=0x000000006517e950 mode 0
Event: 1660.166 Executing VM operation: RevokeBias
Event: 1660.166 Executing VM operation: RevokeBias done
Event: 1660.172 Executing VM operation: RevokeBias
Event: 1660.173 Executing VM operation: RevokeBias done
Event: 1660.193 Executing VM operation: RevokeBias
Event: 1660.193 Executing VM operation: RevokeBias done
Event: 1660.206 Thread 0x000000005ac44000 DEOPT PACKING pc=0x00000000051c18bd sp=0x000000006517e850
Event: 1660.206 Thread 0x000000005ac44000 DEOPT UNPACKING pc=0x000000000275787f sp=0x000000006517e5c0 mode 0


Dynamic libraries:
0x000000013f630000 - 0x000000013f667000 	C:\Program Files\Java\jdk1.8.0_131\bin\java.exe
0x0000000077c00000 - 0x0000000077daa000 	C:\Windows\SYSTEM32\ntdll.dll
0x00000000779e0000 - 0x0000000077aff000 	C:\Windows\system32\kernel32.dll
0x000007fefd960000 - 0x000007fefd9ca000 	C:\Windows\system32\KERNELBASE.dll
0x000007fefeff0000 - 0x000007feff0cb000 	C:\Windows\system32\ADVAPI32.dll
0x000007fefdcb0000 - 0x000007fefdd4f000 	C:\Windows\system32\msvcrt.dll
0x000007fefe500000 - 0x000007fefe51f000 	C:\Windows\SYSTEM32\sechost.dll
0x000007fefe780000 - 0x000007fefe8ad000 	C:\Windows\system32\RPCRT4.dll
0x0000000077b00000 - 0x0000000077bfa000 	C:\Windows\system32\USER32.dll
0x000007fefe280000 - 0x000007fefe2e7000 	C:\Windows\system32\GDI32.dll
0x000007fefed10000 - 0x000007fefed1e000 	C:\Windows\system32\LPK.dll
0x000007fefe5c0000 - 0x000007fefe68b000 	C:\Windows\system32\USP10.dll
0x000007fefafc0000 - 0x000007fefb1b4000 	C:\Windows\WinSxS\amd64_microsoft.windows.common-controls_6595b64144ccf1df_6.0.7601.18837_none_fa3b1e3d17594757\COMCTL32.dll
0x000007feffe90000 - 0x000007fefff01000 	C:\Windows\system32\SHLWAPI.dll
0x000007feffe60000 - 0x000007feffe8e000 	C:\Windows\system32\IMM32.DLL
0x000007fefe8d0000 - 0x000007fefe9d9000 	C:\Windows\system32\MSCTF.dll
0x00000000692a0000 - 0x0000000069372000 	C:\Program Files\Java\jdk1.8.0_131\jre\bin\msvcr100.dll
0x0000000068a00000 - 0x000000006929c000 	C:\Program Files\Java\jdk1.8.0_131\jre\bin\server\jvm.dll
0x000007fefbb50000 - 0x000007fefbb59000 	C:\Windows\system32\WSOCK32.dll
0x000007fefe730000 - 0x000007fefe77d000 	C:\Windows\system32\WS2_32.dll
0x000007fefe270000 - 0x000007fefe278000 	C:\Windows\system32\NSI.dll
0x000007fef84d0000 - 0x000007fef850b000 	C:\Windows\system32\WINMM.dll
0x000007fefc960000 - 0x000007fefc96c000 	C:\Windows\system32\VERSION.dll
0x0000000077dc0000 - 0x0000000077dc7000 	C:\Windows\system32\PSAPI.DLL
0x0000000074020000 - 0x000000007402f000 	C:\Program Files\Java\jdk1.8.0_131\jre\bin\verify.dll
0x0000000073ff0000 - 0x0000000074019000 	C:\Program Files\Java\jdk1.8.0_131\jre\bin\java.dll
0x0000000073fa0000 - 0x0000000073fb6000 	C:\Program Files\Java\jdk1.8.0_131\jre\bin\zip.dll
0x000007feff0d0000 - 0x000007feffe5b000 	C:\Windows\system32\SHELL32.dll
0x000007fefe010000 - 0x000007fefe20c000 	C:\Windows\system32\ole32.dll
0x000007fefd900000 - 0x000007fefd90f000 	C:\Windows\system32\profapi.dll
0x0000000073fc0000 - 0x0000000073fda000 	C:\Program Files\Java\jdk1.8.0_131\jre\bin\net.dll
0x000007fefd0c0000 - 0x000007fefd115000 	C:\Windows\system32\mswsock.dll
0x000007fefd0b0000 - 0x000007fefd0b7000 	C:\Windows\System32\wship6.dll
0x0000000073f80000 - 0x0000000073f91000 	C:\Program Files\Java\jdk1.8.0_131\jre\bin\nio.dll
0x000007fef7780000 - 0x000007fef779e000 	C:\Users\IAV-Versuchsrechner\.gradle\native\25\windows-amd64\native-platform.dll
0x000007fefd120000 - 0x000007fefd138000 	C:\Windows\system32\CRYPTSP.dll
0x000007fefce20000 - 0x000007fefce67000 	C:\Windows\system32\rsaenh.dll
0x000007fefda60000 - 0x000007fefda7e000 	C:\Windows\system32\USERENV.dll
0x000007fefd790000 - 0x000007fefd79f000 	C:\Windows\system32\CRYPTBASE.dll
0x000007fefbb20000 - 0x000007fefbb47000 	C:\Windows\system32\IPHLPAPI.DLL
0x000007fefbb10000 - 0x000007fefbb1b000 	C:\Windows\system32\WINNSI.DLL
0x000007fefb1e0000 - 0x000007fefb1f8000 	C:\Windows\system32\dhcpcsvc.DLL
0x000007fefb1c0000 - 0x000007fefb1d1000 	C:\Windows\system32\dhcpcsvc6.DLL
0x0000000074030000 - 0x000000007403d000 	C:\Program Files\Java\jdk1.8.0_131\jre\bin\management.dll
0x0000000001fc0000 - 0x0000000002047000 	C:\Users\IAV-Versuchsrechner\AppData\Local\Temp\aapt2_2396293762914812446.dir\libwinpthread-1.dll
0x000000006d040000 - 0x0000000070923000 	C:\Users\IAV-Versuchsrechner\AppData\Local\Temp\aapt2_2396293762914812446.dir\libaapt2_jni.dll

VM Arguments:
jvm_args: -Xmx1536m -Dfile.encoding=windows-1252 -Duser.country=DE -Duser.language=de -Duser.variant 
java_command: org.gradle.launcher.daemon.bootstrap.GradleDaemon 4.0-rc-1
java_class_path (initial): C:\Users\IAV-Versuchsrechner\.gradle\wrapper\dists\gradle-4.0-rc-1-all\f2e4agya6jovmpf9txk9t7844\gradle-4.0-rc-1\lib\gradle-launcher-4.0.jar
Launcher Type: SUN_STANDARD

Environment Variables:
PATH=C:\ProgramData\Oracle\Java\javapath;C:\Program Files\Java\jre8\bin;C:\Program Files\Common Files\Microsoft Shared\Windows Live;C:\Program Files (x86)\Common Files\Microsoft Shared\Windows Live;C:\Windows\system32;C:\Windows;C:\Windows\System32\Wbem;C:\Windows\System32\WindowsPowerShell\v1.0\;C:\Program Files (x86)\Windows Live\Shared;C:\Program Files\MATLAB\R2013b\bin;C:\Program Files\MATLAB\R2012a\bin;C:\Program Files\Microsoft Windows Performance Toolkit\;C:\Program Files (x86)\Microsoft SQL Server\100\Tools\Binn\;C:\Program Files\Microsoft SQL Server\100\Tools\Binn\;C:\Program Files\Microsoft SQL Server\100\DTS\Binn\;C:\Program Files\Intel\WiFi\bin\;C:\Program Files\Common Files\Intel\WirelessCommon\;C:\Program Files (x86)\QuickTime\QTSystem\;C:\Program Files\Java\jre8\bin;C:\Program Files\Intel\WiFi\bin\;C:\Program Files\Common Files\Intel\WirelessCommon\
USERNAME=IAV-Versuchsrechner
OS=Windows_NT
PROCESSOR_IDENTIFIER=Intel64 Family 6 Model 42 Stepping 7, GenuineIntel



---------------  S Y S T E M  ---------------

OS: Windows 7 , 64 bit Build 7601 (6.1.7601.23807)

CPU:total 8 (initial active 8) (4 cores per cpu, 2 threads per core) family 6 model 42 stepping 7, cmov, cx8, fxsr, mmx, sse, sse2, sse3, ssse3, sse4.1, sse4.2, popcnt, avx, aes, clmul, ht, tsc, tscinvbit

Memory: 4k page, physical 8365580k(1394208k free), swap 9182920k(5100k free)

vm_info: Java HotSpot(TM) 64-Bit Server VM (25.131-b11) for windows-amd64 JRE (1.8.0_131-b11), built on Mar 15 2017 01:23:53 by "java_re" with MS VC++ 10.0 (VS2010)

time: Tue Jul 18 09:44:01 2017
elapsed time: 1660 seconds (0d 0h 27m 40s)

